e:/code/adl_n100_code/uefipldplatform/Build/AdlpPlatformPkgX64/DEBUG_VS2019/X64/CryptoPkg/Library/BaseCryptLib/SmmCryptLib/OUTPUT/Hash/CryptMd5.obj
e:/code/adl_n100_code/uefipldplatform/Build/AdlpPlatformPkgX64/DEBUG_VS2019/X64/CryptoPkg/Library/BaseCryptLib/SmmCryptLib/OUTPUT/Hash/CryptSha1.obj
e:/code/adl_n100_code/uefipldplatform/Build/AdlpPlatformPkgX64/DEBUG_VS2019/X64/CryptoPkg/Library/BaseCryptLib/SmmCryptLib/OUTPUT/Hash/CryptSha256.obj
e:/code/adl_n100_code/uefipldplatform/Build/AdlpPlatformPkgX64/DEBUG_VS2019/X64/CryptoPkg/Library/BaseCryptLib/SmmCryptLib/OUTPUT/Hash/CryptSm3.obj
e:/code/adl_n100_code/uefipldplatform/Build/AdlpPlatformPkgX64/DEBUG_VS2019/X64/CryptoPkg/Library/BaseCryptLib/SmmCryptLib/OUTPUT/Hash/CryptSha512Null.obj
e:/code/adl_n100_code/uefipldplatform/Build/AdlpPlatformPkgX64/DEBUG_VS2019/X64/CryptoPkg/Library/BaseCryptLib/SmmCryptLib/OUTPUT/Hmac/CryptHmacSha256.obj
e:/code/adl_n100_code/uefipldplatform/Build/AdlpPlatformPkgX64/DEBUG_VS2019/X64/CryptoPkg/Library/BaseCryptLib/SmmCryptLib/OUTPUT/Kdf/CryptHkdfNull.obj
e:/code/adl_n100_code/uefipldplatform/Build/AdlpPlatformPkgX64/DEBUG_VS2019/X64/CryptoPkg/Library/BaseCryptLib/SmmCryptLib/OUTPUT/Cipher/CryptAes.obj
e:/code/adl_n100_code/uefipldplatform/Build/AdlpPlatformPkgX64/DEBUG_VS2019/X64/CryptoPkg/Library/BaseCryptLib/SmmCryptLib/OUTPUT/Pk/CryptRsaBasic.obj
e:/code/adl_n100_code/uefipldplatform/Build/AdlpPlatformPkgX64/DEBUG_VS2019/X64/CryptoPkg/Library/BaseCryptLib/SmmCryptLib/OUTPUT/Pk/CryptRsaExtNull.obj
e:/code/adl_n100_code/uefipldplatform/Build/AdlpPlatformPkgX64/DEBUG_VS2019/X64/CryptoPkg/Library/BaseCryptLib/SmmCryptLib/OUTPUT/Pk/CryptPkcs1Oaep.obj
e:/code/adl_n100_code/uefipldplatform/Build/AdlpPlatformPkgX64/DEBUG_VS2019/X64/CryptoPkg/Library/BaseCryptLib/SmmCryptLib/OUTPUT/Pk/CryptPkcs5Pbkdf2.obj
e:/code/adl_n100_code/uefipldplatform/Build/AdlpPlatformPkgX64/DEBUG_VS2019/X64/CryptoPkg/Library/BaseCryptLib/SmmCryptLib/OUTPUT/Pk/CryptPkcs7SignNull.obj
e:/code/adl_n100_code/uefipldplatform/Build/AdlpPlatformPkgX64/DEBUG_VS2019/X64/CryptoPkg/Library/BaseCryptLib/SmmCryptLib/OUTPUT/Pk/CryptPkcs7VerifyCommon.obj
e:/code/adl_n100_code/uefipldplatform/Build/AdlpPlatformPkgX64/DEBUG_VS2019/X64/CryptoPkg/Library/BaseCryptLib/SmmCryptLib/OUTPUT/Pk/CryptPkcs7VerifyBase.obj
e:/code/adl_n100_code/uefipldplatform/Build/AdlpPlatformPkgX64/DEBUG_VS2019/X64/CryptoPkg/Library/BaseCryptLib/SmmCryptLib/OUTPUT/Pk/CryptPkcs7VerifyEku.obj
e:/code/adl_n100_code/uefipldplatform/Build/AdlpPlatformPkgX64/DEBUG_VS2019/X64/CryptoPkg/Library/BaseCryptLib/SmmCryptLib/OUTPUT/Pk/CryptDhNull.obj
e:/code/adl_n100_code/uefipldplatform/Build/AdlpPlatformPkgX64/DEBUG_VS2019/X64/CryptoPkg/Library/BaseCryptLib/SmmCryptLib/OUTPUT/Pk/CryptX509.obj
e:/code/adl_n100_code/uefipldplatform/Build/AdlpPlatformPkgX64/DEBUG_VS2019/X64/CryptoPkg/Library/BaseCryptLib/SmmCryptLib/OUTPUT/Pk/CryptAuthenticodeNull.obj
e:/code/adl_n100_code/uefipldplatform/Build/AdlpPlatformPkgX64/DEBUG_VS2019/X64/CryptoPkg/Library/BaseCryptLib/SmmCryptLib/OUTPUT/Pk/CryptTsNull.obj
e:/code/adl_n100_code/uefipldplatform/Build/AdlpPlatformPkgX64/DEBUG_VS2019/X64/CryptoPkg/Library/BaseCryptLib/SmmCryptLib/OUTPUT/Pem/CryptPem.obj
e:/code/adl_n100_code/uefipldplatform/Build/AdlpPlatformPkgX64/DEBUG_VS2019/X64/CryptoPkg/Library/BaseCryptLib/SmmCryptLib/OUTPUT/SysCall/CrtWrapper.obj
e:/code/adl_n100_code/uefipldplatform/Build/AdlpPlatformPkgX64/DEBUG_VS2019/X64/CryptoPkg/Library/BaseCryptLib/SmmCryptLib/OUTPUT/SysCall/ConstantTimeClock.obj
e:/code/adl_n100_code/uefipldplatform/Build/AdlpPlatformPkgX64/DEBUG_VS2019/X64/CryptoPkg/Library/BaseCryptLib/SmmCryptLib/OUTPUT/SysCall/BaseMemAllocation.obj
e:/code/adl_n100_code/uefipldplatform/Build/AdlpPlatformPkgX64/DEBUG_VS2019/X64/CryptoPkg/Library/BaseCryptLib/SmmCryptLib/OUTPUT/Rand/CryptRandTsc.obj