e:/code/adl_n100_code/uefipldplatform/Build/AdlpPlatformPkgX64/DEBUG_VS2019/IA32/UefiPlatformPkg/UefiPayloadEntry/UefiPayloadEntry/OUTPUT/PayloadEntry.lib
e:/code/adl_n100_code/uefipldplatform/Build/AdlpPlatformPkgX64/DEBUG_VS2019/IA32/MdePkg/Library/BasePcdLibNull/BasePcdLibNull/OUTPUT/BasePcdLibNull.lib
e:/code/adl_n100_code/uefipldplatform/Build/AdlpPlatformPkgX64/DEBUG_VS2019/IA32/MdePkg/Library/BaseLib/BaseLib/OUTPUT/BaseLib.lib
e:/code/adl_n100_code/uefipldplatform/Build/AdlpPlatformPkgX64/DEBUG_VS2019/IA32/MdePkg/Library/BaseMemoryLibRepStr/BaseMemoryLibRepStr/OUTPUT/BaseMemoryLibRepStr.lib
e:/code/adl_n100_code/uefipldplatform/Build/AdlpPlatformPkgX64/DEBUG_VS2019/IA32/MdePkg/Library/BaseIoLibIntrinsic/BaseIoLibIntrinsic/OUTPUT/BaseIoLibIntrinsic.lib
e:/code/adl_n100_code/uefipldplatform/Build/AdlpPlatformPkgX64/DEBUG_VS2019/IA32/MdePkg/Library/BasePciExpressLib/BasePciExpressLib/OUTPUT/BasePciExpressLib.lib
e:/code/adl_n100_code/uefipldplatform/Build/AdlpPlatformPkgX64/DEBUG_VS2019/IA32/MdePkg/Library/BasePciLibPciExpress/BasePciLibPciExpress/OUTPUT/BasePciLibPciExpress.lib
e:/code/adl_n100_code/uefipldplatform/Build/AdlpPlatformPkgX64/DEBUG_VS2019/IA32/MdePkg/Library/BaseDebugPrintErrorLevelLib/BaseDebugPrintErrorLevelLib/OUTPUT/BaseDebugPrintErrorLevelLib.lib
e:/code/adl_n100_code/uefipldplatform/Build/AdlpPlatformPkgX64/DEBUG_VS2019/IA32/MdePkg/Library/BasePrintLib/BasePrintLib/OUTPUT/BasePrintLib.lib
e:/code/adl_n100_code/uefipldplatform/Build/AdlpPlatformPkgX64/DEBUG_VS2019/IA32/MdeModulePkg/Library/BaseSerialPortLib16550/BaseSerialPortLib16550/OUTPUT/BaseSerialPortLib16550.lib
e:/code/adl_n100_code/uefipldplatform/Build/AdlpPlatformPkgX64/DEBUG_VS2019/IA32/MdePkg/Library/BaseDebugLibSerialPort/BaseDebugLibSerialPort/OUTPUT/BaseDebugLibSerialPort.lib
e:/code/adl_n100_code/uefipldplatform/Build/AdlpPlatformPkgX64/DEBUG_VS2019/IA32/UefiPlatformPkg/Library/PrePiHobListPointerLib/PrePiHobListPointerLib/OUTPUT/PrePiHobListPointerLib.lib
e:/code/adl_n100_code/uefipldplatform/Build/AdlpPlatformPkgX64/DEBUG_VS2019/IA32/EmbeddedPkg/Library/PrePiHobLib/PrePiHobLib/OUTPUT/PrePiHobLib.lib
e:/code/adl_n100_code/uefipldplatform/Build/AdlpPlatformPkgX64/DEBUG_VS2019/IA32/UefiPlatformPkg/Override/UefiPayloadPkg/Library/SblParseLib/SblParseLib/OUTPUT/SblParseLib.lib
e:/code/adl_n100_code/uefipldplatform/Build/AdlpPlatformPkgX64/DEBUG_VS2019/IA32/UefiPayloadPkg/Library/PlatformHookLib/PlatformHookLib/OUTPUT/PlatformHookLib.lib
e:/code/adl_n100_code/uefipldplatform/Build/AdlpPlatformPkgX64/DEBUG_VS2019/IA32/MdePkg/Library/BasePeCoffExtraActionLibNull/BasePeCoffExtraActionLibNull/OUTPUT/PeCoffExtraActionLibNull.lib
e:/code/adl_n100_code/uefipldplatform/Build/AdlpPlatformPkgX64/DEBUG_VS2019/IA32/MdePkg/Library/BasePerformanceLibNull/BasePerformanceLibNull/OUTPUT/BasePerformanceLibNull.lib
e:/code/adl_n100_code/uefipldplatform/Build/AdlpPlatformPkgX64/DEBUG_VS2019/IA32/UefiPayloadPkg/Library/AcpiTimerLib/AcpiTimerLib/OUTPUT/AcpiTimerLib.lib
e:/code/adl_n100_code/uefipldplatform/Build/AdlpPlatformPkgX64/DEBUG_VS2019/IA32/EmbeddedPkg/Library/PrePiExtractGuidedSectionLib/PrePiExtractGuidedSectionLib/OUTPUT/PrePiExtractGuidedSectionLib.lib
e:/code/adl_n100_code/uefipldplatform/Build/AdlpPlatformPkgX64/DEBUG_VS2019/IA32/MdePkg/Library/BaseCacheMaintenanceLib/BaseCacheMaintenanceLib/OUTPUT/BaseCacheMaintenanceLib.lib
e:/code/adl_n100_code/uefipldplatform/Build/AdlpPlatformPkgX64/DEBUG_VS2019/IA32/MdePkg/Library/BasePeCoffLib/BasePeCoffLib/OUTPUT/BasePeCoffLib.lib
e:/code/adl_n100_code/uefipldplatform/Build/AdlpPlatformPkgX64/DEBUG_VS2019/IA32/MdePkg/Library/BaseUefiDecompressLib/BaseUefiDecompressLib/OUTPUT/BaseUefiDecompressLib.lib
e:/code/adl_n100_code/uefipldplatform/Build/AdlpPlatformPkgX64/DEBUG_VS2019/IA32/UefiPlatformPkg/Override/EmbeddedPkg/Library/PrePiLib/PrePiLib/OUTPUT/PrePiLib.lib
e:/code/adl_n100_code/uefipldplatform/Build/AdlpPlatformPkgX64/DEBUG_VS2019/IA32/EmbeddedPkg/Library/PrePiMemoryAllocationLib/PrePiMemoryAllocationLib/OUTPUT/PrePiMemoryAllocationLib.lib
e:/code/adl_n100_code/uefipldplatform/Build/AdlpPlatformPkgX64/DEBUG_VS2019/IA32/AdlpPlatformPkg/Override/PldCommonPkg/Library/PlatformSupportLibSbl/PlatformSupportLibSbl/OUTPUT/PlatformSupportLibSbl.lib
e:/code/adl_n100_code/uefipldplatform/Build/AdlpPlatformPkgX64/DEBUG_VS2019/IA32/UefiCpuPkg/Library/BaseUefiCpuLib/BaseUefiCpuLib/OUTPUT/BaseUefiCpuLib.lib