e:/code/adl_n100_code/sblplatform/Build/BootloaderCorePkg/DEBUG_VS2019/IA32/BootloaderCorePkg/Stage1B/Stage1B/OUTPUT/Stage1B.lib
e:/code/adl_n100_code/sblplatform/Build/BootloaderCorePkg/DEBUG_VS2019/IA32/MdePkg/Library/RegisterFilterLibNull/RegisterFilterLibNull/OUTPUT/FilterLibNull.lib
e:/code/adl_n100_code/sblplatform/Build/BootloaderCorePkg/DEBUG_VS2019/IA32/BootloaderCommonPkg/Library/HobLib/HobLib/OUTPUT/HobLib.lib
e:/code/adl_n100_code/sblplatform/Build/BootloaderCorePkg/DEBUG_VS2019/IA32/MdePkg/Library/BasePciExpressLib/BasePciExpressLib/OUTPUT/BasePciExpressLib.lib
e:/code/adl_n100_code/sblplatform/Build/BootloaderCorePkg/DEBUG_VS2019/IA32/Silicon/AlderlakePkg/Library/GpioSiLib/GpioSiLib/OUTPUT/GpioSiLib.lib
e:/code/adl_n100_code/sblplatform/Build/BootloaderCorePkg/DEBUG_VS2019/IA32/Silicon/CommonSocPkg/Library/PchPcrLib/PchPcrLib/OUTPUT/PchPcrLib.lib
e:/code/adl_n100_code/sblplatform/Build/BootloaderCorePkg/DEBUG_VS2019/IA32/Silicon/AlderlakePkg/Library/PchInfoLib/PchInfoLib/OUTPUT/PchInfoLib.lib
e:/code/adl_n100_code/sblplatform/Build/BootloaderCorePkg/DEBUG_VS2019/IA32/MdePkg/Library/BasePciLibPciExpress/BasePciLibPciExpress/OUTPUT/BasePciLibPciExpress.lib
e:/code/adl_n100_code/sblplatform/Build/BootloaderCorePkg/DEBUG_VS2019/IA32/Silicon/AlderlakePkg/Library/PlatformHookLib/PlatformHookLib/OUTPUT/PlatformHookLib.lib
e:/code/adl_n100_code/sblplatform/Build/BootloaderCorePkg/DEBUG_VS2019/IA32/BootloaderCorePkg/Library/BootloaderLib/BootloaderLib/OUTPUT/BootloaderLib.lib
e:/code/adl_n100_code/sblplatform/Build/BootloaderCorePkg/DEBUG_VS2019/IA32/BootloaderCommonPkg/Library/GraphicsLib/GraphicsLib/OUTPUT/GraphicsLib.lib
e:/code/adl_n100_code/sblplatform/Build/BootloaderCorePkg/DEBUG_VS2019/IA32/BootloaderCorePkg/Library/DebugPrintErrorLevelLib/DebugPrintErrorLevelLib/OUTPUT/DebugPrintErrorLevelLib.lib
e:/code/adl_n100_code/sblplatform/Build/BootloaderCorePkg/DEBUG_VS2019/IA32/MdePkg/Library/BasePrintLib/BasePrintLib/OUTPUT/BasePrintLib.lib
e:/code/adl_n100_code/sblplatform/Build/BootloaderCorePkg/DEBUG_VS2019/IA32/BootloaderCommonPkg/Library/ConsoleOutLib/ConsoleOutLib/OUTPUT/ConsoleOutLib.lib
e:/code/adl_n100_code/sblplatform/Build/BootloaderCorePkg/DEBUG_VS2019/IA32/BootloaderCommonPkg/Library/DebugLogBufferLib/DebugLogBufferLib/OUTPUT/DebugLogBufferLib.lib
e:/code/adl_n100_code/sblplatform/Build/BootloaderCorePkg/DEBUG_VS2019/IA32/BootloaderCommonPkg/Library/DebugPortLib/DebugPortLibNull/OUTPUT/DebugPortLib.lib
e:/code/adl_n100_code/sblplatform/Build/BootloaderCorePkg/DEBUG_VS2019/IA32/BootloaderCommonPkg/Library/SerialPortLib/SerialPortLib/OUTPUT/SerialPortLib.lib
e:/code/adl_n100_code/sblplatform/Build/BootloaderCorePkg/DEBUG_VS2019/IA32/MdePkg/Library/BaseMemoryLibRepStr/BaseMemoryLibRepStr/OUTPUT/BaseMemoryLibRepStr.lib
e:/code/adl_n100_code/sblplatform/Build/BootloaderCorePkg/DEBUG_VS2019/IA32/BootloaderCommonPkg/Library/PcdLib/PcdLib/OUTPUT/PcdLib.lib
e:/code/adl_n100_code/sblplatform/Build/BootloaderCorePkg/DEBUG_VS2019/IA32/BootloaderCommonPkg/Library/BootloaderDebugLib/BootloaderDebugLib/OUTPUT/BaseFspDebugLibSerialPort.lib
e:/code/adl_n100_code/sblplatform/Build/BootloaderCorePkg/DEBUG_VS2019/IA32/BootloaderCommonPkg/Library/BootloaderCommonLib/BootloaderCommonLib/OUTPUT/BootloaderCommonLib.lib
e:/code/adl_n100_code/sblplatform/Build/BootloaderCorePkg/DEBUG_VS2019/IA32/BootloaderCorePkg/Library/MemoryAllocationLib/MemoryAllocationLib/OUTPUT/MemoryAllocationLib.lib
e:/code/adl_n100_code/sblplatform/Build/BootloaderCorePkg/DEBUG_VS2019/IA32/BootloaderCorePkg/Library/BootloaderCoreLib/BootloaderCoreLib/OUTPUT/BootloaderCoreLib.lib
e:/code/adl_n100_code/sblplatform/Build/BootloaderCorePkg/DEBUG_VS2019/IA32/MdePkg/Library/BaseIoLibIntrinsic/BaseIoLibIntrinsic/OUTPUT/BaseIoLibIntrinsic.lib
e:/code/adl_n100_code/sblplatform/Build/BootloaderCorePkg/DEBUG_VS2019/IA32/MdePkg/Library/BaseLib/BaseLib/OUTPUT/BaseLib.lib
e:/code/adl_n100_code/sblplatform/Build/BootloaderCorePkg/DEBUG_VS2019/IA32/MdePkg/Library/BaseRngLib/BaseRngLib/OUTPUT/BaseRngLib.lib
e:/code/adl_n100_code/sblplatform/Build/BootloaderCorePkg/DEBUG_VS2019/IA32/BootloaderCommonPkg/Library/IppCryptoLib/IppCryptoLib/OUTPUT/IppCryptoLib.lib
e:/code/adl_n100_code/sblplatform/Build/BootloaderCorePkg/DEBUG_VS2019/IA32/BootloaderCommonPkg/Library/LzmaCustomDecompressLib/LzmaCustomDecompressLib/OUTPUT/LzmaDecompressLib.lib
e:/code/adl_n100_code/sblplatform/Build/BootloaderCorePkg/DEBUG_VS2019/IA32/BootloaderCommonPkg/Library/Lz4CompressLib/Lz4CompressLib/OUTPUT/Lz4CompressLib.lib
e:/code/adl_n100_code/sblplatform/Build/BootloaderCorePkg/DEBUG_VS2019/IA32/Silicon/CommonSocPkg/Library/PchSpiLib/PchSpiLib/OUTPUT/PchSpiLib.lib
e:/code/adl_n100_code/sblplatform/Build/BootloaderCorePkg/DEBUG_VS2019/IA32/BootloaderCommonPkg/Library/AcpiTimerLib/AcpiTimerLib/OUTPUT/AcpiTimerLib.lib
e:/code/adl_n100_code/sblplatform/Build/BootloaderCorePkg/DEBUG_VS2019/IA32/BootloaderCommonPkg/Library/SecureBootLib/SecureBootLib/OUTPUT/SecureBootLib.lib
e:/code/adl_n100_code/sblplatform/Build/BootloaderCorePkg/DEBUG_VS2019/IA32/BootloaderCommonPkg/Library/DecompressLib/DecompressLib/OUTPUT/DecompressLib.lib
e:/code/adl_n100_code/sblplatform/Build/BootloaderCorePkg/DEBUG_VS2019/IA32/Silicon/CommonSocPkg/Library/SpiFlashLib/SpiFlashLib/OUTPUT/SpiFlashLib.lib
e:/code/adl_n100_code/sblplatform/Build/BootloaderCorePkg/DEBUG_VS2019/IA32/BootloaderCommonPkg/Library/ContainerLib/ContainerLib/OUTPUT/ContainerLib.lib
e:/code/adl_n100_code/sblplatform/Build/BootloaderCorePkg/DEBUG_VS2019/IA32/BootloaderCorePkg/Library/HobBuildLib/HobBuildLib/OUTPUT/HobBuildLib.lib
e:/code/adl_n100_code/sblplatform/Build/BootloaderCorePkg/DEBUG_VS2019/IA32/Platform/AlderlakeBoardPkg/Library/ResetSystemLib/ResetSystemLib/OUTPUT/ResetSystemLib.lib
e:/code/adl_n100_code/sblplatform/Build/BootloaderCorePkg/DEBUG_VS2019/IA32/Silicon/CommonSocPkg/Library/FusaConfigLibNull/FusaConfigLibNull/OUTPUT/FusaConfigLibNull.lib
e:/code/adl_n100_code/sblplatform/Build/BootloaderCorePkg/DEBUG_VS2019/IA32/Silicon/CommonSocPkg/Library/TccLib/TccLib/OUTPUT/TccLib.lib
e:/code/adl_n100_code/sblplatform/Build/BootloaderCorePkg/DEBUG_VS2019/IA32/Silicon/CommonSocPkg/Library/WatchDogTimerLib/WatchDogTimerLib/OUTPUT/WatchDogTimerLib.lib
e:/code/adl_n100_code/sblplatform/Build/BootloaderCorePkg/DEBUG_VS2019/IA32/BootloaderCommonPkg/Library/ConfigDataLib/ConfigDataLib/OUTPUT/ConfigDataLib.lib
e:/code/adl_n100_code/sblplatform/Build/BootloaderCorePkg/DEBUG_VS2019/IA32/Silicon/AlderlakePkg/Library/MeChipsetLib/MeChipsetLib/OUTPUT/MeChipsetLib.lib
e:/code/adl_n100_code/sblplatform/Build/BootloaderCorePkg/DEBUG_VS2019/IA32/BootloaderCommonPkg/Library/TpmLib/TpmLib/OUTPUT/TpmLib.lib
e:/code/adl_n100_code/sblplatform/Build/BootloaderCorePkg/DEBUG_VS2019/IA32/Silicon/CommonSocPkg/Library/PchSbiAccessLib/PchSbiAccessLib/OUTPUT/PchSbiAccessLib.lib
e:/code/adl_n100_code/sblplatform/Build/BootloaderCorePkg/DEBUG_VS2019/IA32/BootloaderCommonPkg/Library/ExtraBaseLib/ExtraBaseLib/OUTPUT/ExtraBaseLib.lib
e:/code/adl_n100_code/sblplatform/Build/BootloaderCorePkg/DEBUG_VS2019/IA32/BootloaderCommonPkg/Library/PagingLib/PagingLib/OUTPUT/PagingLib.lib
e:/code/adl_n100_code/sblplatform/Build/BootloaderCorePkg/DEBUG_VS2019/IA32/Silicon/CommonSocPkg/Library/CrashLogLibNull/CrashLogLibNull/OUTPUT/CrashLogLibNull.lib
e:/code/adl_n100_code/sblplatform/Build/BootloaderCorePkg/DEBUG_VS2019/IA32/Silicon/CommonSocPkg/Library/SmbusLib/SmbusLib/OUTPUT/BaseSmbusLib.lib
e:/code/adl_n100_code/sblplatform/Build/BootloaderCorePkg/DEBUG_VS2019/IA32/Platform/AlderlakeBoardPkg/Library/FspmUpdUpdateLib/FspmUpdUpdateLib/OUTPUT/FspmUpdUpdateLib.lib
e:/code/adl_n100_code/sblplatform/Build/BootloaderCorePkg/DEBUG_VS2019/IA32/Silicon/CommonSocPkg/Library/HeciLib/HeciLib/OUTPUT/HeciLib.lib
e:/code/adl_n100_code/sblplatform/Build/BootloaderCorePkg/DEBUG_VS2019/IA32/Silicon/CommonSocPkg/Library/BootGuardLibCBnT/BootGuardLibCBnT/OUTPUT/BootGuardLibCBnT.lib
e:/code/adl_n100_code/sblplatform/Build/BootloaderCorePkg/DEBUG_VS2019/IA32/MdePkg/Library/BasePciCf8Lib/BasePciCf8Lib/OUTPUT/BasePciCf8Lib.lib
e:/code/adl_n100_code/sblplatform/Build/BootloaderCorePkg/DEBUG_VS2019/IA32/Silicon/CommonSocPkg/Library/GpioLib/GpioLib/OUTPUT/GpioLib.lib
e:/code/adl_n100_code/sblplatform/Build/BootloaderCorePkg/DEBUG_VS2019/IA32/Platform/CommonBoardPkg/Library/BoardSupportLib/BoardSupportLib/OUTPUT/BoardSupportLib.lib
e:/code/adl_n100_code/sblplatform/Build/BootloaderCorePkg/DEBUG_VS2019/IA32/BootloaderCommonPkg/Library/LiteVariableLib/LiteVariableLib/OUTPUT/LiteVariableLib.lib
e:/code/adl_n100_code/sblplatform/Build/BootloaderCorePkg/DEBUG_VS2019/IA32/Silicon/CommonSocPkg/Library/TopSwapLib/TopSwapLib/OUTPUT/TopSwapLib.lib
e:/code/adl_n100_code/sblplatform/Build/BootloaderCorePkg/DEBUG_VS2019/IA32/BootloaderCommonPkg/Library/TimeStampLib/TimeStampLib/OUTPUT/TimeStampLib.lib
e:/code/adl_n100_code/sblplatform/Build/BootloaderCorePkg/DEBUG_VS2019/IA32/BootloaderCommonPkg/Library/ThunkLib/ThunkLib/OUTPUT/ThunkLib.lib
e:/code/adl_n100_code/sblplatform/Build/BootloaderCorePkg/DEBUG_VS2019/IA32/BootloaderCommonPkg/Library/DebugAgentLib/DebugAgentLibNull/OUTPUT/DebugAgentLibNull.lib
e:/code/adl_n100_code/sblplatform/Build/BootloaderCorePkg/DEBUG_VS2019/IA32/BootloaderCommonPkg/Library/Crc32Lib/Crc32Lib/OUTPUT/Crc32Lib.lib
e:/code/adl_n100_code/sblplatform/Build/BootloaderCorePkg/DEBUG_VS2019/IA32/BootloaderCommonPkg/Library/BaseXApicX2ApicLib/BaseXApicX2ApicLib/OUTPUT/BaseXApicX2ApicLib.lib
e:/code/adl_n100_code/sblplatform/Build/BootloaderCorePkg/DEBUG_VS2019/IA32/Silicon/CommonSocPkg/Library/TcoTimerLib/TcoTimerLib/OUTPUT/TcoTimerLib.lib
e:/code/adl_n100_code/sblplatform/Build/BootloaderCorePkg/DEBUG_VS2019/IA32/BootloaderCommonPkg/Library/ModuleEntryLib/ModuleEntryLib/OUTPUT/ModuleEntryLib.lib
e:/code/adl_n100_code/sblplatform/Build/BootloaderCorePkg/DEBUG_VS2019/IA32/Silicon/AlderlakePkg/Library/Stage1BSocInitLib/Stage1BSocInitLib/OUTPUT/Stage1BSocInitLib.lib
e:/code/adl_n100_code/sblplatform/Build/BootloaderCorePkg/DEBUG_VS2019/IA32/Platform/AlderlakeBoardPkg/Library/Stage1BBoardInitLib/Stage1BBoardInitLib/OUTPUT/Stage1BBoardInitLib.lib
e:/code/adl_n100_code/sblplatform/Build/BootloaderCorePkg/DEBUG_VS2019/IA32/Platform/CommonBoardPkg/Library/LoaderLib/LoaderLib/OUTPUT/LoaderLib.lib
e:/code/adl_n100_code/sblplatform/Build/BootloaderCorePkg/DEBUG_VS2019/IA32/BootloaderCorePkg/Library/FspSupportLib/FspSupportLib/OUTPUT/FspSupportLib.lib
e:/code/adl_n100_code/sblplatform/Build/BootloaderCorePkg/DEBUG_VS2019/IA32/BootloaderCommonPkg/Library/LoaderPerformanceLib/LoaderPerformanceLib/OUTPUT/LoaderPerformanceLib.lib
e:/code/adl_n100_code/sblplatform/Build/BootloaderCorePkg/DEBUG_VS2019/IA32/BootloaderCorePkg/Library/FspApiLib/FspmApiLib/OUTPUT/FspmApiLib.lib
e:/code/adl_n100_code/sblplatform/Build/BootloaderCorePkg/DEBUG_VS2019/IA32/BootloaderCommonPkg/Library/LitePeCoffLib/LitePeCoffLib/OUTPUT/LitePeCoffLib.lib
e:/code/adl_n100_code/sblplatform/Build/BootloaderCorePkg/DEBUG_VS2019/IA32/BootloaderCorePkg/Library/DebugDataLib/DebugDataLib/OUTPUT/DebugDataLib.lib
e:/code/adl_n100_code/sblplatform/Build/BootloaderCorePkg/DEBUG_VS2019/IA32/BootloaderCorePkg/Library/CpuExceptionLib/CpuExceptionLib/OUTPUT/CpuExceptionLib.lib
e:/code/adl_n100_code/sblplatform/Build/BootloaderCorePkg/DEBUG_VS2019/IA32/BootloaderCorePkg/Library/StageLib/StageLib/OUTPUT/StageLib.lib
e:/code/adl_n100_code/sblplatform/Build/BootloaderCorePkg/DEBUG_VS2019/IA32/BootloaderCorePkg/Library/FirmwareResiliencyLib/FirmwareResiliencyLib/OUTPUT/FirmwareResiliencyLib.lib