e:/code/adl_n100_code/sblplatform/Build/BootloaderCorePkg/DEBUG_VS2019/IA32/BootloaderCommonPkg/Library/ShellLib/ShellLib/OUTPUT/CmdBoot.obj
e:/code/adl_n100_code/sblplatform/Build/BootloaderCorePkg/DEBUG_VS2019/IA32/BootloaderCommonPkg/Library/ShellLib/ShellLib/OUTPUT/CmdCpuid.obj
e:/code/adl_n100_code/sblplatform/Build/BootloaderCorePkg/DEBUG_VS2019/IA32/BootloaderCommonPkg/Library/ShellLib/ShellLib/OUTPUT/CmdDmesg.obj
e:/code/adl_n100_code/sblplatform/Build/BootloaderCorePkg/DEBUG_VS2019/IA32/BootloaderCommonPkg/Library/ShellLib/ShellLib/OUTPUT/CmdExit.obj
e:/code/adl_n100_code/sblplatform/Build/BootloaderCorePkg/DEBUG_VS2019/IA32/BootloaderCommonPkg/Library/ShellLib/ShellLib/OUTPUT/CmdHelp.obj
e:/code/adl_n100_code/sblplatform/Build/BootloaderCorePkg/DEBUG_VS2019/IA32/BootloaderCommonPkg/Library/ShellLib/ShellLib/OUTPUT/CmdHob.obj
e:/code/adl_n100_code/sblplatform/Build/BootloaderCorePkg/DEBUG_VS2019/IA32/BootloaderCommonPkg/Library/ShellLib/ShellLib/OUTPUT/CmdMm.obj
e:/code/adl_n100_code/sblplatform/Build/BootloaderCorePkg/DEBUG_VS2019/IA32/BootloaderCommonPkg/Library/ShellLib/ShellLib/OUTPUT/CmdMmap.obj
e:/code/adl_n100_code/sblplatform/Build/BootloaderCorePkg/DEBUG_VS2019/IA32/BootloaderCommonPkg/Library/ShellLib/ShellLib/OUTPUT/CmdMmcDll.obj
e:/code/adl_n100_code/sblplatform/Build/BootloaderCorePkg/DEBUG_VS2019/IA32/BootloaderCommonPkg/Library/ShellLib/ShellLib/OUTPUT/CmdMsr.obj
e:/code/adl_n100_code/sblplatform/Build/BootloaderCorePkg/DEBUG_VS2019/IA32/BootloaderCommonPkg/Library/ShellLib/ShellLib/OUTPUT/CmdMtrr.obj
e:/code/adl_n100_code/sblplatform/Build/BootloaderCorePkg/DEBUG_VS2019/IA32/BootloaderCommonPkg/Library/ShellLib/ShellLib/OUTPUT/CmdPci.obj
e:/code/adl_n100_code/sblplatform/Build/BootloaderCorePkg/DEBUG_VS2019/IA32/BootloaderCommonPkg/Library/ShellLib/ShellLib/OUTPUT/CmdPciUtil.obj
e:/code/adl_n100_code/sblplatform/Build/BootloaderCorePkg/DEBUG_VS2019/IA32/BootloaderCommonPkg/Library/ShellLib/ShellLib/OUTPUT/CmdPerf.obj
e:/code/adl_n100_code/sblplatform/Build/BootloaderCorePkg/DEBUG_VS2019/IA32/BootloaderCommonPkg/Library/ShellLib/ShellLib/OUTPUT/CmdReset.obj
e:/code/adl_n100_code/sblplatform/Build/BootloaderCorePkg/DEBUG_VS2019/IA32/BootloaderCommonPkg/Library/ShellLib/ShellLib/OUTPUT/CmdUcode.obj
e:/code/adl_n100_code/sblplatform/Build/BootloaderCorePkg/DEBUG_VS2019/IA32/BootloaderCommonPkg/Library/ShellLib/ShellLib/OUTPUT/CmdCdata.obj
e:/code/adl_n100_code/sblplatform/Build/BootloaderCorePkg/DEBUG_VS2019/IA32/BootloaderCommonPkg/Library/ShellLib/ShellLib/OUTPUT/CmdCls.obj
e:/code/adl_n100_code/sblplatform/Build/BootloaderCorePkg/DEBUG_VS2019/IA32/BootloaderCommonPkg/Library/ShellLib/ShellLib/OUTPUT/CmdFs.obj
e:/code/adl_n100_code/sblplatform/Build/BootloaderCorePkg/DEBUG_VS2019/IA32/BootloaderCommonPkg/Library/ShellLib/ShellLib/OUTPUT/CmdUsbDev.obj
e:/code/adl_n100_code/sblplatform/Build/BootloaderCorePkg/DEBUG_VS2019/IA32/BootloaderCommonPkg/Library/ShellLib/ShellLib/OUTPUT/CmdCorruptComp.obj
e:/code/adl_n100_code/sblplatform/Build/BootloaderCorePkg/DEBUG_VS2019/IA32/BootloaderCommonPkg/Library/ShellLib/ShellLib/OUTPUT/ShellCmds.obj
e:/code/adl_n100_code/sblplatform/Build/BootloaderCorePkg/DEBUG_VS2019/IA32/BootloaderCommonPkg/Library/ShellLib/ShellLib/OUTPUT/Parsing.obj
e:/code/adl_n100_code/sblplatform/Build/BootloaderCorePkg/DEBUG_VS2019/IA32/BootloaderCommonPkg/Library/ShellLib/ShellLib/OUTPUT/History.obj
e:/code/adl_n100_code/sblplatform/Build/BootloaderCorePkg/DEBUG_VS2019/IA32/BootloaderCommonPkg/Library/ShellLib/ShellLib/OUTPUT/Shell.obj