e:/code/adl_n100_code/sblplatform/Build/BootloaderCorePkg/DEBUG_VS2019/IA32/PayloadPkg/FirmwareUpdate/FirmwareUpdate/OUTPUT/FirmwareUpdate.lib
e:/code/adl_n100_code/sblplatform/Build/BootloaderCorePkg/DEBUG_VS2019/IA32/BootloaderCommonPkg/Library/UsbBusLib/UsbBusLib/OUTPUT/UsbBusPei.lib
e:/code/adl_n100_code/sblplatform/Build/BootloaderCorePkg/DEBUG_VS2019/IA32/BootloaderCommonPkg/Library/XhciLib/XhciLib/OUTPUT/XhciLib.lib
e:/code/adl_n100_code/sblplatform/Build/BootloaderCorePkg/DEBUG_VS2019/IA32/BootloaderCommonPkg/Library/UsbInitLib/UsbInitLib/OUTPUT/UsbInitLib.lib
e:/code/adl_n100_code/sblplatform/Build/BootloaderCorePkg/DEBUG_VS2019/IA32/BootloaderCommonPkg/Library/IoMmuLib/IoMmuLib/OUTPUT/IoMmuLib.lib
e:/code/adl_n100_code/sblplatform/Build/BootloaderCorePkg/DEBUG_VS2019/IA32/BootloaderCommonPkg/Library/UsbBlockIoLib/UsbBlockIoLib/OUTPUT/UsbBlockIoLib.lib
e:/code/adl_n100_code/sblplatform/Build/BootloaderCorePkg/DEBUG_VS2019/IA32/BootloaderCommonPkg/Library/GraphicsLib/GraphicsLib/OUTPUT/GraphicsLib.lib
e:/code/adl_n100_code/sblplatform/Build/BootloaderCorePkg/DEBUG_VS2019/IA32/BootloaderCommonPkg/Library/ConsoleOutLib/ConsoleOutLib/OUTPUT/ConsoleOutLib.lib
e:/code/adl_n100_code/sblplatform/Build/BootloaderCorePkg/DEBUG_VS2019/IA32/BootloaderCommonPkg/Library/DebugPortLib/DebugPortLibNull/OUTPUT/DebugPortLib.lib
e:/code/adl_n100_code/sblplatform/Build/BootloaderCorePkg/DEBUG_VS2019/IA32/BootloaderCorePkg/Library/BootloaderCoreLib/BootloaderCoreLib/OUTPUT/BootloaderCoreLib.lib
e:/code/adl_n100_code/sblplatform/Build/BootloaderCorePkg/DEBUG_VS2019/IA32/BootloaderCorePkg/Library/DebugPrintErrorLevelLib/DebugPrintErrorLevelLib/OUTPUT/DebugPrintErrorLevelLib.lib
e:/code/adl_n100_code/sblplatform/Build/BootloaderCorePkg/DEBUG_VS2019/IA32/BootloaderCommonPkg/Library/DebugLogBufferLib/DebugLogBufferLib/OUTPUT/DebugLogBufferLib.lib
e:/code/adl_n100_code/sblplatform/Build/BootloaderCorePkg/DEBUG_VS2019/IA32/BootloaderCommonPkg/Library/SerialPortLib/SerialPortLib/OUTPUT/SerialPortLib.lib
e:/code/adl_n100_code/sblplatform/Build/BootloaderCorePkg/DEBUG_VS2019/IA32/BootloaderCommonPkg/Library/TimeStampLib/TimeStampLib/OUTPUT/TimeStampLib.lib
e:/code/adl_n100_code/sblplatform/Build/BootloaderCorePkg/DEBUG_VS2019/IA32/BootloaderCommonPkg/Library/HobLib/HobLib/OUTPUT/HobLib.lib
e:/code/adl_n100_code/sblplatform/Build/BootloaderCorePkg/DEBUG_VS2019/IA32/PayloadPkg/Library/PayloadLib/PayloadLib/OUTPUT/PayloadLib.lib
e:/code/adl_n100_code/sblplatform/Build/BootloaderCorePkg/DEBUG_VS2019/IA32/BootloaderCommonPkg/Library/BootloaderCommonLib/BootloaderCommonLib/OUTPUT/BootloaderCommonLib.lib
e:/code/adl_n100_code/sblplatform/Build/BootloaderCorePkg/DEBUG_VS2019/IA32/BootloaderCommonPkg/Library/PcdLib/PcdLib/OUTPUT/PcdLib.lib
e:/code/adl_n100_code/sblplatform/Build/BootloaderCorePkg/DEBUG_VS2019/IA32/MdePkg/Library/RegisterFilterLibNull/RegisterFilterLibNull/OUTPUT/FilterLibNull.lib
e:/code/adl_n100_code/sblplatform/Build/BootloaderCorePkg/DEBUG_VS2019/IA32/MdePkg/Library/BaseIoLibIntrinsic/BaseIoLibIntrinsic/OUTPUT/BaseIoLibIntrinsic.lib
e:/code/adl_n100_code/sblplatform/Build/BootloaderCorePkg/DEBUG_VS2019/IA32/BootloaderCommonPkg/Library/AcpiTimerLib/AcpiTimerLib/OUTPUT/AcpiTimerLib.lib
e:/code/adl_n100_code/sblplatform/Build/BootloaderCorePkg/DEBUG_VS2019/IA32/MdePkg/Library/BaseMemoryLibSse2/BaseMemoryLibSse2/OUTPUT/BaseMemoryLibSse2.lib
e:/code/adl_n100_code/sblplatform/Build/BootloaderCorePkg/DEBUG_VS2019/IA32/MdePkg/Library/BaseLib/BaseLib/OUTPUT/BaseLib.lib
e:/code/adl_n100_code/sblplatform/Build/BootloaderCorePkg/DEBUG_VS2019/IA32/BootloaderCommonPkg/Library/FullMemoryAllocationLib/FullMemoryAllocationLib/OUTPUT/FullMemoryAllocationLib.lib
e:/code/adl_n100_code/sblplatform/Build/BootloaderCorePkg/DEBUG_VS2019/IA32/MdePkg/Library/BasePrintLib/BasePrintLib/OUTPUT/BasePrintLib.lib
e:/code/adl_n100_code/sblplatform/Build/BootloaderCorePkg/DEBUG_VS2019/IA32/BootloaderCommonPkg/Library/BootloaderDebugLib/BootloaderDebugLib/OUTPUT/BaseFspDebugLibSerialPort.lib
e:/code/adl_n100_code/sblplatform/Build/BootloaderCorePkg/DEBUG_VS2019/IA32/PayloadPkg/Library/PlatformHookLib/PlatformHookLib/OUTPUT/PlatformHookLib.lib
e:/code/adl_n100_code/sblplatform/Build/BootloaderCorePkg/DEBUG_VS2019/IA32/BootloaderCommonPkg/Library/ExtraBaseLib/ExtraBaseLib/OUTPUT/ExtraBaseLib.lib
e:/code/adl_n100_code/sblplatform/Build/BootloaderCorePkg/DEBUG_VS2019/IA32/MdePkg/Library/BasePciExpressLib/BasePciExpressLib/OUTPUT/BasePciExpressLib.lib
e:/code/adl_n100_code/sblplatform/Build/BootloaderCorePkg/DEBUG_VS2019/IA32/BootloaderCommonPkg/Library/LiteVariableLib/LiteVariableLib/OUTPUT/LiteVariableLib.lib
e:/code/adl_n100_code/sblplatform/Build/BootloaderCorePkg/DEBUG_VS2019/IA32/MdePkg/Library/BasePciLibPciExpress/BasePciLibPciExpress/OUTPUT/BasePciLibPciExpress.lib
e:/code/adl_n100_code/sblplatform/Build/BootloaderCorePkg/DEBUG_VS2019/IA32/BootloaderCommonPkg/Library/MmcTuningLib/MmcTuningLib/OUTPUT/MmcTuningLib.lib
e:/code/adl_n100_code/sblplatform/Build/BootloaderCorePkg/DEBUG_VS2019/IA32/BootloaderCommonPkg/Library/AhciLib/AhciLib/OUTPUT/AhciLib.lib
e:/code/adl_n100_code/sblplatform/Build/BootloaderCorePkg/DEBUG_VS2019/IA32/BootloaderCommonPkg/Library/UfsBlockIoLib/UfsBlockIoLib/OUTPUT/UfsBlockIoLib.lib
e:/code/adl_n100_code/sblplatform/Build/BootloaderCorePkg/DEBUG_VS2019/IA32/BootloaderCommonPkg/Library/SpiBlockIoLib/SpiBlockIoLib/OUTPUT/SpiBlockIoLib.lib
e:/code/adl_n100_code/sblplatform/Build/BootloaderCorePkg/DEBUG_VS2019/IA32/BootloaderCommonPkg/Library/MemoryDeviceBlockIoLib/MemoryDeviceBlockIoLib/OUTPUT/MemoryDeviceBlockIoLib.lib
e:/code/adl_n100_code/sblplatform/Build/BootloaderCorePkg/DEBUG_VS2019/IA32/BootloaderCommonPkg/Library/NvmExpressLib/NvmExpressLib/OUTPUT/NvmExpressLib.lib
e:/code/adl_n100_code/sblplatform/Build/BootloaderCorePkg/DEBUG_VS2019/IA32/BootloaderCommonPkg/Library/MmcAccessLib/MmcAccessLib/OUTPUT/MmcAccessLib.lib
e:/code/adl_n100_code/sblplatform/Build/BootloaderCorePkg/DEBUG_VS2019/IA32/Silicon/AlderlakePkg/Library/MeChipsetLib/MeChipsetLib/OUTPUT/MeChipsetLib.lib
e:/code/adl_n100_code/sblplatform/Build/BootloaderCorePkg/DEBUG_VS2019/IA32/BootloaderCommonPkg/Library/MediaAccessLib/MediaAccessLib/OUTPUT/MediaAccessLib.lib
e:/code/adl_n100_code/sblplatform/Build/BootloaderCorePkg/DEBUG_VS2019/IA32/Silicon/CommonSocPkg/Library/HeciLib/HeciLib/OUTPUT/HeciLib.lib
e:/code/adl_n100_code/sblplatform/Build/BootloaderCorePkg/DEBUG_VS2019/IA32/BootloaderCommonPkg/Library/Crc32Lib/Crc32Lib/OUTPUT/Crc32Lib.lib
e:/code/adl_n100_code/sblplatform/Build/BootloaderCorePkg/DEBUG_VS2019/IA32/BootloaderCommonPkg/Library/Ext23Lib/Ext23Lib/OUTPUT/Ext23Lib.lib
e:/code/adl_n100_code/sblplatform/Build/BootloaderCorePkg/DEBUG_VS2019/IA32/BootloaderCommonPkg/Library/FatLib/FatLib/OUTPUT/FatLib.lib
e:/code/adl_n100_code/sblplatform/Build/BootloaderCorePkg/DEBUG_VS2019/IA32/BootloaderCommonPkg/Library/DebugAgentLib/DebugAgentLibNull/OUTPUT/DebugAgentLibNull.lib
e:/code/adl_n100_code/sblplatform/Build/BootloaderCorePkg/DEBUG_VS2019/IA32/BootloaderCommonPkg/Library/LoaderPerformanceLib/LoaderPerformanceLib/OUTPUT/LoaderPerformanceLib.lib
e:/code/adl_n100_code/sblplatform/Build/BootloaderCorePkg/DEBUG_VS2019/IA32/BootloaderCommonPkg/Library/LzmaCustomDecompressLib/LzmaCustomDecompressLib/OUTPUT/LzmaDecompressLib.lib
e:/code/adl_n100_code/sblplatform/Build/BootloaderCorePkg/DEBUG_VS2019/IA32/BootloaderCommonPkg/Library/Lz4CompressLib/Lz4CompressLib/OUTPUT/Lz4CompressLib.lib
e:/code/adl_n100_code/sblplatform/Build/BootloaderCorePkg/DEBUG_VS2019/IA32/MdePkg/Library/BaseRngLib/BaseRngLib/OUTPUT/BaseRngLib.lib
e:/code/adl_n100_code/sblplatform/Build/BootloaderCorePkg/DEBUG_VS2019/IA32/BootloaderCommonPkg/Library/IppCryptoLib/IppCryptoLib/OUTPUT/IppCryptoLib.lib
e:/code/adl_n100_code/sblplatform/Build/BootloaderCorePkg/DEBUG_VS2019/IA32/BootloaderCorePkg/Library/HobBuildLib/HobBuildLib/OUTPUT/HobBuildLib.lib
e:/code/adl_n100_code/sblplatform/Build/BootloaderCorePkg/DEBUG_VS2019/IA32/Platform/AlderlakeBoardPkg/Library/ResetSystemLib/ResetSystemLib/OUTPUT/ResetSystemLib.lib
e:/code/adl_n100_code/sblplatform/Build/BootloaderCorePkg/DEBUG_VS2019/IA32/Silicon/AlderlakePkg/Library/HeciMeExtLib/HeciMeExtLib/OUTPUT/HeciDxeMeExtLib.lib
e:/code/adl_n100_code/sblplatform/Build/BootloaderCorePkg/DEBUG_VS2019/IA32/BootloaderCommonPkg/Library/PartitionLib/PartitionLib/OUTPUT/PartitionLib.lib
e:/code/adl_n100_code/sblplatform/Build/BootloaderCorePkg/DEBUG_VS2019/IA32/BootloaderCommonPkg/Library/FileSystemLib/FileSystemLib/OUTPUT/FileSystemLib.lib
e:/code/adl_n100_code/sblplatform/Build/BootloaderCorePkg/DEBUG_VS2019/IA32/BootloaderCommonPkg/Library/LitePeCoffLib/LitePeCoffLib/OUTPUT/LitePeCoffLib.lib
e:/code/adl_n100_code/sblplatform/Build/BootloaderCorePkg/DEBUG_VS2019/IA32/Silicon/CommonSocPkg/Library/WatchDogTimerLib/WatchDogTimerLib/OUTPUT/WatchDogTimerLib.lib
e:/code/adl_n100_code/sblplatform/Build/BootloaderCorePkg/DEBUG_VS2019/IA32/BootloaderCommonPkg/Library/PagingLib/PagingLib/OUTPUT/PagingLib.lib
e:/code/adl_n100_code/sblplatform/Build/BootloaderCorePkg/DEBUG_VS2019/IA32/PayloadPkg/Library/PayloadSupportLib/PayloadSupportLib/OUTPUT/PayloadSupportLib.lib
e:/code/adl_n100_code/sblplatform/Build/BootloaderCorePkg/DEBUG_VS2019/IA32/BootloaderCommonPkg/Library/ModuleEntryLib/ModuleEntryLib/OUTPUT/ModuleEntryLib.lib
e:/code/adl_n100_code/sblplatform/Build/BootloaderCorePkg/DEBUG_VS2019/IA32/BootloaderCommonPkg/Library/DecompressLib/DecompressLib/OUTPUT/DecompressLib.lib
e:/code/adl_n100_code/sblplatform/Build/BootloaderCorePkg/DEBUG_VS2019/IA32/BootloaderCommonPkg/Library/SecureBootLib/SecureBootLib/OUTPUT/SecureBootLib.lib
e:/code/adl_n100_code/sblplatform/Build/BootloaderCorePkg/DEBUG_VS2019/IA32/BootloaderCommonPkg/Library/TpmLib/TpmLib/OUTPUT/TpmLib.lib
e:/code/adl_n100_code/sblplatform/Build/BootloaderCorePkg/DEBUG_VS2019/IA32/Silicon/AlderlakePkg/Library/FirmwareUpdateLib/FirmwareUpdateLib/OUTPUT/FirmwareUpdateLib.lib
e:/code/adl_n100_code/sblplatform/Build/BootloaderCorePkg/DEBUG_VS2019/IA32/PayloadPkg/Library/PayloadEntryLib/PayloadEntryLib/OUTPUT/PayloadEntryLib.lib
e:/code/adl_n100_code/sblplatform/Build/BootloaderCorePkg/DEBUG_VS2019/IA32/BootloaderCommonPkg/Library/LiteFvLib/LiteFvLib/OUTPUT/LiteFvLib.lib
e:/code/adl_n100_code/sblplatform/Build/BootloaderCorePkg/DEBUG_VS2019/IA32/BootloaderCommonPkg/Library/ConfigDataLib/ConfigDataLib/OUTPUT/ConfigDataLib.lib
e:/code/adl_n100_code/sblplatform/Build/BootloaderCorePkg/DEBUG_VS2019/IA32/BootloaderCommonPkg/Library/ContainerLib/ContainerLib/OUTPUT/ContainerLib.lib
e:/code/adl_n100_code/sblplatform/Build/BootloaderCorePkg/DEBUG_VS2019/IA32/BootloaderCommonPkg/Library/StringSupportLib/StringSupportLib/OUTPUT/StringSupportLib.lib
e:/code/adl_n100_code/sblplatform/Build/BootloaderCorePkg/DEBUG_VS2019/IA32/BootloaderCommonPkg/Library/BootOptionLib/BootOptionLib/OUTPUT/BootOptionLib.lib
e:/code/adl_n100_code/sblplatform/Build/BootloaderCorePkg/DEBUG_VS2019/IA32/Silicon/CommonSocPkg/Library/BootGuardLibCBnT/BootGuardLibCBnT/OUTPUT/BootGuardLibCBnT.lib
e:/code/adl_n100_code/sblplatform/Build/BootloaderCorePkg/DEBUG_VS2019/IA32/Silicon/CommonSocPkg/Library/TcoTimerLib/TcoTimerLib/OUTPUT/TcoTimerLib.lib