/Ie:\code\adl_n100_code\sblplatform\SblOpen\Platform\AlderlakeBoardPkg\Library\Stage1ABoardInitLib\Ia32
/Ie:\code\adl_n100_code\sblplatform\SblOpen\Platform\AlderlakeBoardPkg\Library\Stage1ABoardInitLib
/Ie:\code\adl_n100_code\sblplatform\Build\BootloaderCorePkg\DEBUG_VS2019\IA32\Platform\AlderlakeBoardPkg\Library\Stage1ABoardInitLib\Stage1ABoardInitLib\DEBUG
/Ie:\code\adl_n100_code\sblplatform\SblOpen\MdePkg
/Ie:\code\adl_n100_code\sblplatform\SblOpen\MdePkg\Include
/Ie:\code\adl_n100_code\sblplatform\SblOpen\MdePkg\Include\Ia32
/Ie:\code\adl_n100_code\sblplatform\SblOpen\IntelFsp2Pkg
/Ie:\code\adl_n100_code\sblplatform\SblOpen\IntelFsp2Pkg\Include
/Ie:\code\adl_n100_code\sblplatform\SblOpen\BootloaderCorePkg
/Ie:\code\adl_n100_code\sblplatform\SblOpen\BootloaderCorePkg\Include
/Ie:\code\adl_n100_code\sblplatform\SblOpen\BootloaderCommonPkg
/Ie:\code\adl_n100_code\sblplatform\SblOpen\BootloaderCommonPkg\Include
/Ie:\code\adl_n100_code\sblplatform\SblOpen\Silicon\AlderlakePkg
/Ie:\code\adl_n100_code\sblplatform\SblOpen\Silicon\AlderlakePkg\Include
/Ie:\code\adl_n100_code\sblplatform\SblOpen\Silicon\CommonSocPkg
/Ie:\code\adl_n100_code\sblplatform\SblOpen\Silicon\CommonSocPkg\Include
/Ie:\code\adl_n100_code\sblplatform\SblOpen\Platform\CommonBoardPkg
/Ie:\code\adl_n100_code\sblplatform\SblOpen\Platform\CommonBoardPkg\Include
/Ie:\code\adl_n100_code\sblplatform\SblOpen\Platform\AlderlakeBoardPkg
/Ie:\code\adl_n100_code\sblplatform\SblOpen\Platform\AlderlakeBoardPkg\Include
/Ie:\code\adl_n100_code\sblplatform\SblOpen\Silicon\AlderlakePkg\Adln\Include