e:/code/adl_n100_code/uefipldplatform/Build/AdlpPlatformPkgX64/DEBUG_VS2019/IA32/MdePkg/Library/BaseMemoryLibRepStr/BaseMemoryLibRepStr/OUTPUT/ScanMem64Wrapper.obj
e:/code/adl_n100_code/uefipldplatform/Build/AdlpPlatformPkgX64/DEBUG_VS2019/IA32/MdePkg/Library/BaseMemoryLibRepStr/BaseMemoryLibRepStr/OUTPUT/ScanMem32Wrapper.obj
e:/code/adl_n100_code/uefipldplatform/Build/AdlpPlatformPkgX64/DEBUG_VS2019/IA32/MdePkg/Library/BaseMemoryLibRepStr/BaseMemoryLibRepStr/OUTPUT/ScanMem16Wrapper.obj
e:/code/adl_n100_code/uefipldplatform/Build/AdlpPlatformPkgX64/DEBUG_VS2019/IA32/MdePkg/Library/BaseMemoryLibRepStr/BaseMemoryLibRepStr/OUTPUT/ScanMem8Wrapper.obj
e:/code/adl_n100_code/uefipldplatform/Build/AdlpPlatformPkgX64/DEBUG_VS2019/IA32/MdePkg/Library/BaseMemoryLibRepStr/BaseMemoryLibRepStr/OUTPUT/ZeroMemWrapper.obj
e:/code/adl_n100_code/uefipldplatform/Build/AdlpPlatformPkgX64/DEBUG_VS2019/IA32/MdePkg/Library/BaseMemoryLibRepStr/BaseMemoryLibRepStr/OUTPUT/CompareMemWrapper.obj
e:/code/adl_n100_code/uefipldplatform/Build/AdlpPlatformPkgX64/DEBUG_VS2019/IA32/MdePkg/Library/BaseMemoryLibRepStr/BaseMemoryLibRepStr/OUTPUT/SetMem64Wrapper.obj
e:/code/adl_n100_code/uefipldplatform/Build/AdlpPlatformPkgX64/DEBUG_VS2019/IA32/MdePkg/Library/BaseMemoryLibRepStr/BaseMemoryLibRepStr/OUTPUT/SetMem32Wrapper.obj
e:/code/adl_n100_code/uefipldplatform/Build/AdlpPlatformPkgX64/DEBUG_VS2019/IA32/MdePkg/Library/BaseMemoryLibRepStr/BaseMemoryLibRepStr/OUTPUT/SetMem16Wrapper.obj
e:/code/adl_n100_code/uefipldplatform/Build/AdlpPlatformPkgX64/DEBUG_VS2019/IA32/MdePkg/Library/BaseMemoryLibRepStr/BaseMemoryLibRepStr/OUTPUT/SetMemWrapper.obj
e:/code/adl_n100_code/uefipldplatform/Build/AdlpPlatformPkgX64/DEBUG_VS2019/IA32/MdePkg/Library/BaseMemoryLibRepStr/BaseMemoryLibRepStr/OUTPUT/CopyMemWrapper.obj
e:/code/adl_n100_code/uefipldplatform/Build/AdlpPlatformPkgX64/DEBUG_VS2019/IA32/MdePkg/Library/BaseMemoryLibRepStr/BaseMemoryLibRepStr/OUTPUT/IsZeroBufferWrapper.obj
e:/code/adl_n100_code/uefipldplatform/Build/AdlpPlatformPkgX64/DEBUG_VS2019/IA32/MdePkg/Library/BaseMemoryLibRepStr/BaseMemoryLibRepStr/OUTPUT/MemLibGuid.obj
e:/code/adl_n100_code/uefipldplatform/Build/AdlpPlatformPkgX64/DEBUG_VS2019/IA32/MdePkg/Library/BaseMemoryLibRepStr/BaseMemoryLibRepStr/OUTPUT/Ia32/ScanMem64.obj
e:/code/adl_n100_code/uefipldplatform/Build/AdlpPlatformPkgX64/DEBUG_VS2019/IA32/MdePkg/Library/BaseMemoryLibRepStr/BaseMemoryLibRepStr/OUTPUT/Ia32/ScanMem32.obj
e:/code/adl_n100_code/uefipldplatform/Build/AdlpPlatformPkgX64/DEBUG_VS2019/IA32/MdePkg/Library/BaseMemoryLibRepStr/BaseMemoryLibRepStr/OUTPUT/Ia32/ScanMem16.obj
e:/code/adl_n100_code/uefipldplatform/Build/AdlpPlatformPkgX64/DEBUG_VS2019/IA32/MdePkg/Library/BaseMemoryLibRepStr/BaseMemoryLibRepStr/OUTPUT/Ia32/ScanMem8.obj
e:/code/adl_n100_code/uefipldplatform/Build/AdlpPlatformPkgX64/DEBUG_VS2019/IA32/MdePkg/Library/BaseMemoryLibRepStr/BaseMemoryLibRepStr/OUTPUT/Ia32/CompareMem.obj
e:/code/adl_n100_code/uefipldplatform/Build/AdlpPlatformPkgX64/DEBUG_VS2019/IA32/MdePkg/Library/BaseMemoryLibRepStr/BaseMemoryLibRepStr/OUTPUT/Ia32/ZeroMem.obj
e:/code/adl_n100_code/uefipldplatform/Build/AdlpPlatformPkgX64/DEBUG_VS2019/IA32/MdePkg/Library/BaseMemoryLibRepStr/BaseMemoryLibRepStr/OUTPUT/Ia32/SetMem64.obj
e:/code/adl_n100_code/uefipldplatform/Build/AdlpPlatformPkgX64/DEBUG_VS2019/IA32/MdePkg/Library/BaseMemoryLibRepStr/BaseMemoryLibRepStr/OUTPUT/Ia32/SetMem32.obj
e:/code/adl_n100_code/uefipldplatform/Build/AdlpPlatformPkgX64/DEBUG_VS2019/IA32/MdePkg/Library/BaseMemoryLibRepStr/BaseMemoryLibRepStr/OUTPUT/Ia32/SetMem16.obj
e:/code/adl_n100_code/uefipldplatform/Build/AdlpPlatformPkgX64/DEBUG_VS2019/IA32/MdePkg/Library/BaseMemoryLibRepStr/BaseMemoryLibRepStr/OUTPUT/Ia32/SetMem.obj
e:/code/adl_n100_code/uefipldplatform/Build/AdlpPlatformPkgX64/DEBUG_VS2019/IA32/MdePkg/Library/BaseMemoryLibRepStr/BaseMemoryLibRepStr/OUTPUT/Ia32/CopyMem.obj
e:/code/adl_n100_code/uefipldplatform/Build/AdlpPlatformPkgX64/DEBUG_VS2019/IA32/MdePkg/Library/BaseMemoryLibRepStr/BaseMemoryLibRepStr/OUTPUT/Ia32/IsZeroBuffer.obj