e:/code/adl_n100_code/sblplatform/Build/BootloaderCorePkg/DEBUG_VS2019/IA32/PayloadPkg/OsLoader/OsLoader/OUTPUT/OsLoader.lib
e:/code/adl_n100_code/sblplatform/Build/BootloaderCorePkg/DEBUG_VS2019/IA32/BootloaderCommonPkg/Library/DebugLogBufferLib/DebugLogBufferLib/OUTPUT/DebugLogBufferLib.lib
e:/code/adl_n100_code/sblplatform/Build/BootloaderCorePkg/DEBUG_VS2019/IA32/BootloaderCommonPkg/Library/DebugPortLib/DebugPortLibNull/OUTPUT/DebugPortLib.lib
e:/code/adl_n100_code/sblplatform/Build/BootloaderCorePkg/DEBUG_VS2019/IA32/BootloaderCommonPkg/Library/SerialPortLib/SerialPortLib/OUTPUT/SerialPortLib.lib
e:/code/adl_n100_code/sblplatform/Build/BootloaderCorePkg/DEBUG_VS2019/IA32/BootloaderCommonPkg/Library/GraphicsLib/GraphicsLib/OUTPUT/GraphicsLib.lib
e:/code/adl_n100_code/sblplatform/Build/BootloaderCorePkg/DEBUG_VS2019/IA32/BootloaderCommonPkg/Library/ConsoleOutLib/ConsoleOutLib/OUTPUT/ConsoleOutLib.lib
e:/code/adl_n100_code/sblplatform/Build/BootloaderCorePkg/DEBUG_VS2019/IA32/BootloaderCorePkg/Library/BootloaderCoreLib/BootloaderCoreLib/OUTPUT/BootloaderCoreLib.lib
e:/code/adl_n100_code/sblplatform/Build/BootloaderCorePkg/DEBUG_VS2019/IA32/BootloaderCommonPkg/Library/HobLib/HobLib/OUTPUT/HobLib.lib
e:/code/adl_n100_code/sblplatform/Build/BootloaderCorePkg/DEBUG_VS2019/IA32/Silicon/CommonSocPkg/Library/PchPcrLib/PchPcrLib/OUTPUT/PchPcrLib.lib
e:/code/adl_n100_code/sblplatform/Build/BootloaderCorePkg/DEBUG_VS2019/IA32/MdePkg/Library/BasePciExpressLib/BasePciExpressLib/OUTPUT/BasePciExpressLib.lib
e:/code/adl_n100_code/sblplatform/Build/BootloaderCorePkg/DEBUG_VS2019/IA32/MdePkg/Library/BasePciLibPciExpress/BasePciLibPciExpress/OUTPUT/BasePciLibPciExpress.lib
e:/code/adl_n100_code/sblplatform/Build/BootloaderCorePkg/DEBUG_VS2019/IA32/Silicon/AlderlakePkg/Library/GpioSiLib/GpioSiLib/OUTPUT/GpioSiLib.lib
e:/code/adl_n100_code/sblplatform/Build/BootloaderCorePkg/DEBUG_VS2019/IA32/Silicon/AlderlakePkg/Library/PchInfoLib/PchInfoLib/OUTPUT/PchInfoLib.lib
e:/code/adl_n100_code/sblplatform/Build/BootloaderCorePkg/DEBUG_VS2019/IA32/BootloaderCommonPkg/Library/TimeStampLib/TimeStampLib/OUTPUT/TimeStampLib.lib
e:/code/adl_n100_code/sblplatform/Build/BootloaderCorePkg/DEBUG_VS2019/IA32/BootloaderCommonPkg/Library/IoMmuLib/IoMmuLib/OUTPUT/IoMmuLib.lib
e:/code/adl_n100_code/sblplatform/Build/BootloaderCorePkg/DEBUG_VS2019/IA32/BootloaderCommonPkg/Library/UsbBlockIoLib/UsbBlockIoLib/OUTPUT/UsbBlockIoLib.lib
e:/code/adl_n100_code/sblplatform/Build/BootloaderCorePkg/DEBUG_VS2019/IA32/BootloaderCommonPkg/Library/UsbBusLib/UsbBusLib/OUTPUT/UsbBusPei.lib
e:/code/adl_n100_code/sblplatform/Build/BootloaderCorePkg/DEBUG_VS2019/IA32/BootloaderCommonPkg/Library/XhciLib/XhciLib/OUTPUT/XhciLib.lib
e:/code/adl_n100_code/sblplatform/Build/BootloaderCorePkg/DEBUG_VS2019/IA32/MdePkg/Library/RegisterFilterLibNull/RegisterFilterLibNull/OUTPUT/FilterLibNull.lib
e:/code/adl_n100_code/sblplatform/Build/BootloaderCorePkg/DEBUG_VS2019/IA32/MdePkg/Library/BaseIoLibIntrinsic/BaseIoLibIntrinsic/OUTPUT/BaseIoLibIntrinsic.lib
e:/code/adl_n100_code/sblplatform/Build/BootloaderCorePkg/DEBUG_VS2019/IA32/BootloaderCommonPkg/Library/AcpiTimerLib/AcpiTimerLib/OUTPUT/AcpiTimerLib.lib
e:/code/adl_n100_code/sblplatform/Build/BootloaderCorePkg/DEBUG_VS2019/IA32/BootloaderCommonPkg/Library/PcdLib/PcdLib/OUTPUT/PcdLib.lib
e:/code/adl_n100_code/sblplatform/Build/BootloaderCorePkg/DEBUG_VS2019/IA32/BootloaderCommonPkg/Library/UsbInitLib/UsbInitLib/OUTPUT/UsbInitLib.lib
e:/code/adl_n100_code/sblplatform/Build/BootloaderCorePkg/DEBUG_VS2019/IA32/BootloaderCorePkg/Library/DebugPrintErrorLevelLib/DebugPrintErrorLevelLib/OUTPUT/DebugPrintErrorLevelLib.lib
e:/code/adl_n100_code/sblplatform/Build/BootloaderCorePkg/DEBUG_VS2019/IA32/BootloaderCommonPkg/Library/BootloaderCommonLib/BootloaderCommonLib/OUTPUT/BootloaderCommonLib.lib
e:/code/adl_n100_code/sblplatform/Build/BootloaderCorePkg/DEBUG_VS2019/IA32/PayloadPkg/Library/PayloadLib/PayloadLib/OUTPUT/PayloadLib.lib
e:/code/adl_n100_code/sblplatform/Build/BootloaderCorePkg/DEBUG_VS2019/IA32/MdePkg/Library/BasePrintLib/BasePrintLib/OUTPUT/BasePrintLib.lib
e:/code/adl_n100_code/sblplatform/Build/BootloaderCorePkg/DEBUG_VS2019/IA32/MdePkg/Library/BaseMemoryLibSse2/BaseMemoryLibSse2/OUTPUT/BaseMemoryLibSse2.lib
e:/code/adl_n100_code/sblplatform/Build/BootloaderCorePkg/DEBUG_VS2019/IA32/BootloaderCommonPkg/Library/FullMemoryAllocationLib/FullMemoryAllocationLib/OUTPUT/FullMemoryAllocationLib.lib
e:/code/adl_n100_code/sblplatform/Build/BootloaderCorePkg/DEBUG_VS2019/IA32/BootloaderCommonPkg/Library/BootloaderDebugLib/BootloaderDebugLib/OUTPUT/BaseFspDebugLibSerialPort.lib
e:/code/adl_n100_code/sblplatform/Build/BootloaderCorePkg/DEBUG_VS2019/IA32/MdePkg/Library/BaseLib/BaseLib/OUTPUT/BaseLib.lib
e:/code/adl_n100_code/sblplatform/Build/BootloaderCorePkg/DEBUG_VS2019/IA32/PayloadPkg/Library/PlatformHookLib/PlatformHookLib/OUTPUT/PlatformHookLib.lib
e:/code/adl_n100_code/sblplatform/Build/BootloaderCorePkg/DEBUG_VS2019/IA32/BootloaderCommonPkg/Library/ExtraBaseLib/ExtraBaseLib/OUTPUT/ExtraBaseLib.lib
e:/code/adl_n100_code/sblplatform/Build/BootloaderCorePkg/DEBUG_VS2019/IA32/BootloaderCommonPkg/Library/LiteVariableLib/LiteVariableLib/OUTPUT/LiteVariableLib.lib
e:/code/adl_n100_code/sblplatform/Build/BootloaderCorePkg/DEBUG_VS2019/IA32/BootloaderCommonPkg/Library/MmcTuningLib/MmcTuningLib/OUTPUT/MmcTuningLib.lib
e:/code/adl_n100_code/sblplatform/Build/BootloaderCorePkg/DEBUG_VS2019/IA32/BootloaderCommonPkg/Library/AhciLib/AhciLib/OUTPUT/AhciLib.lib
e:/code/adl_n100_code/sblplatform/Build/BootloaderCorePkg/DEBUG_VS2019/IA32/BootloaderCommonPkg/Library/UfsBlockIoLib/UfsBlockIoLib/OUTPUT/UfsBlockIoLib.lib
e:/code/adl_n100_code/sblplatform/Build/BootloaderCorePkg/DEBUG_VS2019/IA32/BootloaderCommonPkg/Library/SpiBlockIoLib/SpiBlockIoLib/OUTPUT/SpiBlockIoLib.lib
e:/code/adl_n100_code/sblplatform/Build/BootloaderCorePkg/DEBUG_VS2019/IA32/BootloaderCommonPkg/Library/MemoryDeviceBlockIoLib/MemoryDeviceBlockIoLib/OUTPUT/MemoryDeviceBlockIoLib.lib
e:/code/adl_n100_code/sblplatform/Build/BootloaderCorePkg/DEBUG_VS2019/IA32/BootloaderCommonPkg/Library/NvmExpressLib/NvmExpressLib/OUTPUT/NvmExpressLib.lib
e:/code/adl_n100_code/sblplatform/Build/BootloaderCorePkg/DEBUG_VS2019/IA32/BootloaderCommonPkg/Library/MmcAccessLib/MmcAccessLib/OUTPUT/MmcAccessLib.lib
e:/code/adl_n100_code/sblplatform/Build/BootloaderCorePkg/DEBUG_VS2019/IA32/Silicon/CommonSocPkg/Library/PchSbiAccessLib/PchSbiAccessLib/OUTPUT/PchSbiAccessLib.lib
e:/code/adl_n100_code/sblplatform/Build/BootloaderCorePkg/DEBUG_VS2019/IA32/BootloaderCommonPkg/Library/MediaAccessLib/MediaAccessLib/OUTPUT/MediaAccessLib.lib
e:/code/adl_n100_code/sblplatform/Build/BootloaderCorePkg/DEBUG_VS2019/IA32/BootloaderCommonPkg/Library/LoaderPerformanceLib/LoaderPerformanceLib/OUTPUT/LoaderPerformanceLib.lib
e:/code/adl_n100_code/sblplatform/Build/BootloaderCorePkg/DEBUG_VS2019/IA32/BootloaderCommonPkg/Library/UsbKbLib/UsbKbLib/OUTPUT/UsbKbLib.lib
e:/code/adl_n100_code/sblplatform/Build/BootloaderCorePkg/DEBUG_VS2019/IA32/Silicon/CommonSocPkg/Library/GpioLib/GpioLib/OUTPUT/GpioLib.lib
e:/code/adl_n100_code/sblplatform/Build/BootloaderCorePkg/DEBUG_VS2019/IA32/BootloaderCommonPkg/Library/Crc32Lib/Crc32Lib/OUTPUT/Crc32Lib.lib
e:/code/adl_n100_code/sblplatform/Build/BootloaderCorePkg/DEBUG_VS2019/IA32/BootloaderCommonPkg/Library/Ext23Lib/Ext23Lib/OUTPUT/Ext23Lib.lib
e:/code/adl_n100_code/sblplatform/Build/BootloaderCorePkg/DEBUG_VS2019/IA32/BootloaderCommonPkg/Library/FatLib/FatLib/OUTPUT/FatLib.lib
e:/code/adl_n100_code/sblplatform/Build/BootloaderCorePkg/DEBUG_VS2019/IA32/MdePkg/Library/BaseRngLib/BaseRngLib/OUTPUT/BaseRngLib.lib
e:/code/adl_n100_code/sblplatform/Build/BootloaderCorePkg/DEBUG_VS2019/IA32/BootloaderCommonPkg/Library/IppCryptoLib/IppCryptoLib/OUTPUT/IppCryptoLib.lib
e:/code/adl_n100_code/sblplatform/Build/BootloaderCorePkg/DEBUG_VS2019/IA32/BootloaderCommonPkg/Library/PagingLib/PagingLib/OUTPUT/PagingLib.lib
e:/code/adl_n100_code/sblplatform/Build/BootloaderCorePkg/DEBUG_VS2019/IA32/BootloaderCommonPkg/Library/DebugAgentLib/DebugAgentLibNull/OUTPUT/DebugAgentLibNull.lib
e:/code/adl_n100_code/sblplatform/Build/BootloaderCorePkg/DEBUG_VS2019/IA32/BootloaderCommonPkg/Library/LzmaCustomDecompressLib/LzmaCustomDecompressLib/OUTPUT/LzmaDecompressLib.lib
e:/code/adl_n100_code/sblplatform/Build/BootloaderCorePkg/DEBUG_VS2019/IA32/BootloaderCommonPkg/Library/Lz4CompressLib/Lz4CompressLib/OUTPUT/Lz4CompressLib.lib
e:/code/adl_n100_code/sblplatform/Build/BootloaderCorePkg/DEBUG_VS2019/IA32/PayloadPkg/Library/PayloadSupportLib/PayloadSupportLib/OUTPUT/PayloadSupportLib.lib
e:/code/adl_n100_code/sblplatform/Build/BootloaderCorePkg/DEBUG_VS2019/IA32/BootloaderCommonPkg/Library/ModuleEntryLib/ModuleEntryLib/OUTPUT/ModuleEntryLib.lib
e:/code/adl_n100_code/sblplatform/Build/BootloaderCorePkg/DEBUG_VS2019/IA32/BootloaderCommonPkg/Library/MtrrLib/MtrrLib/OUTPUT/MtrrLib.lib
e:/code/adl_n100_code/sblplatform/Build/BootloaderCorePkg/DEBUG_VS2019/IA32/BootloaderCommonPkg/Library/SortLib/SortLib/OUTPUT/SortLib.lib
e:/code/adl_n100_code/sblplatform/Build/BootloaderCorePkg/DEBUG_VS2019/IA32/BootloaderCommonPkg/Library/ConsoleInLib/ConsoleInLib/OUTPUT/ConsoleInLib.lib
e:/code/adl_n100_code/sblplatform/Build/BootloaderCorePkg/DEBUG_VS2019/IA32/Platform/AlderlakeBoardPkg/Library/ResetSystemLib/ResetSystemLib/OUTPUT/ResetSystemLib.lib
e:/code/adl_n100_code/sblplatform/Build/BootloaderCorePkg/DEBUG_VS2019/IA32/Platform/AlderlakeBoardPkg/Library/ShellExtensionLib/ShellExtensionLib/OUTPUT/ShellExtensionLib.lib
e:/code/adl_n100_code/sblplatform/Build/BootloaderCorePkg/DEBUG_VS2019/IA32/BootloaderCommonPkg/Library/BootOptionLib/BootOptionLib/OUTPUT/BootOptionLib.lib
e:/code/adl_n100_code/sblplatform/Build/BootloaderCorePkg/DEBUG_VS2019/IA32/BootloaderCommonPkg/Library/PartitionLib/PartitionLib/OUTPUT/PartitionLib.lib
e:/code/adl_n100_code/sblplatform/Build/BootloaderCorePkg/DEBUG_VS2019/IA32/BootloaderCommonPkg/Library/FileSystemLib/FileSystemLib/OUTPUT/FileSystemLib.lib
e:/code/adl_n100_code/sblplatform/Build/BootloaderCorePkg/DEBUG_VS2019/IA32/BootloaderCommonPkg/Library/SecureBootLib/SecureBootLib/OUTPUT/SecureBootLib.lib
e:/code/adl_n100_code/sblplatform/Build/BootloaderCorePkg/DEBUG_VS2019/IA32/BootloaderCommonPkg/Library/ThunkLib/ThunkLib/OUTPUT/ThunkLib.lib
e:/code/adl_n100_code/sblplatform/Build/BootloaderCorePkg/DEBUG_VS2019/IA32/BootloaderCommonPkg/Library/ElfLib/ElfLib/OUTPUT/ElfLib.lib
e:/code/adl_n100_code/sblplatform/Build/BootloaderCorePkg/DEBUG_VS2019/IA32/BootloaderCorePkg/Library/HobBuildLib/HobBuildLib/OUTPUT/HobBuildLib.lib
e:/code/adl_n100_code/sblplatform/Build/BootloaderCorePkg/DEBUG_VS2019/IA32/BootloaderCommonPkg/Library/LitePeCoffLib/LitePeCoffLib/OUTPUT/LitePeCoffLib.lib
e:/code/adl_n100_code/sblplatform/Build/BootloaderCorePkg/DEBUG_VS2019/IA32/BootloaderCommonPkg/Library/DecompressLib/DecompressLib/OUTPUT/DecompressLib.lib
e:/code/adl_n100_code/sblplatform/Build/BootloaderCorePkg/DEBUG_VS2019/IA32/PayloadPkg/Library/PayloadEntryLib/PayloadEntryLib/OUTPUT/PayloadEntryLib.lib
e:/code/adl_n100_code/sblplatform/Build/BootloaderCorePkg/DEBUG_VS2019/IA32/BootloaderCommonPkg/Library/ShellLib/ShellLib/OUTPUT/ShellLib.lib
e:/code/adl_n100_code/sblplatform/Build/BootloaderCorePkg/DEBUG_VS2019/IA32/BootloaderCommonPkg/Library/IasImageLib/IasImageLib/OUTPUT/IasImageLib.lib
e:/code/adl_n100_code/sblplatform/Build/BootloaderCorePkg/DEBUG_VS2019/IA32/BootloaderCommonPkg/Library/MultibootLib/MultibootLib/OUTPUT/MultibootLib.lib
e:/code/adl_n100_code/sblplatform/Build/BootloaderCorePkg/DEBUG_VS2019/IA32/BootloaderCommonPkg/Library/TpmLib/TpmLib/OUTPUT/TpmLib.lib
e:/code/adl_n100_code/sblplatform/Build/BootloaderCorePkg/DEBUG_VS2019/IA32/BootloaderCommonPkg/Library/SeedListInfoLib/SeedListInfoLib/OUTPUT/SeedListInfoLib.lib
e:/code/adl_n100_code/sblplatform/Build/BootloaderCorePkg/DEBUG_VS2019/IA32/BootloaderCommonPkg/Library/RpmbLib/RpmbLib/OUTPUT/RpmbLib.lib
e:/code/adl_n100_code/sblplatform/Build/BootloaderCorePkg/DEBUG_VS2019/IA32/BootloaderCommonPkg/Library/ConfigDataLib/ConfigDataLib/OUTPUT/ConfigDataLib.lib
e:/code/adl_n100_code/sblplatform/Build/BootloaderCorePkg/DEBUG_VS2019/IA32/PayloadPkg/Library/AbSupportLib/AbSupportLib/OUTPUT/AbSupportLib.lib
e:/code/adl_n100_code/sblplatform/Build/BootloaderCorePkg/DEBUG_VS2019/IA32/PayloadPkg/Library/SblParameterLib/SblParameterLib/OUTPUT/SblParameterLib.lib
e:/code/adl_n100_code/sblplatform/Build/BootloaderCorePkg/DEBUG_VS2019/IA32/PayloadPkg/Library/TrustyBootLib/TrustyBootLib/OUTPUT/TrustyBootLib.lib
e:/code/adl_n100_code/sblplatform/Build/BootloaderCorePkg/DEBUG_VS2019/IA32/BootloaderCommonPkg/Library/UniversalPayloadLib/UniversalPayloadLib/OUTPUT/UniversalPayloadLib.lib
e:/code/adl_n100_code/sblplatform/Build/BootloaderCorePkg/DEBUG_VS2019/IA32/BootloaderCommonPkg/Library/LiteFvLib/LiteFvLib/OUTPUT/LiteFvLib.lib
e:/code/adl_n100_code/sblplatform/Build/BootloaderCorePkg/DEBUG_VS2019/IA32/BootloaderCommonPkg/Library/LinuxLib/LinuxLib/OUTPUT/LinuxLib.lib
e:/code/adl_n100_code/sblplatform/Build/BootloaderCorePkg/DEBUG_VS2019/IA32/BootloaderCommonPkg/Library/ContainerLib/ContainerLib/OUTPUT/ContainerLib.lib
e:/code/adl_n100_code/sblplatform/Build/BootloaderCorePkg/DEBUG_VS2019/IA32/BootloaderCommonPkg/Library/StringSupportLib/StringSupportLib/OUTPUT/StringSupportLib.lib
e:/code/adl_n100_code/sblplatform/Build/BootloaderCorePkg/DEBUG_VS2019/IA32/BootloaderCommonPkg/Library/BaseXApicX2ApicLib/BaseXApicX2ApicLib/OUTPUT/BaseXApicX2ApicLib.lib
e:/code/adl_n100_code/sblplatform/Build/BootloaderCorePkg/DEBUG_VS2019/IA32/MdePkg/Library/BaseSynchronizationLib/BaseSynchronizationLib/OUTPUT/BaseSynchronizationLib.lib
e:/code/adl_n100_code/sblplatform/Build/BootloaderCorePkg/DEBUG_VS2019/IA32/PayloadPkg/Library/MpServiceLib/MpServiceLib/OUTPUT/MpServiceLib.lib