e:/code/adl_n100_code/uefipldplatform/Build/AdlpPlatformPkgX64/DEBUG_VS2019/X64/MdeModulePkg/Core/Dxe/DxeMain/OUTPUT/DxeCore.lib
e:/code/adl_n100_code/uefipldplatform/Build/AdlpPlatformPkgX64/DEBUG_VS2019/X64/MdePkg/Library/BasePcdLibNull/BasePcdLibNull/OUTPUT/BasePcdLibNull.lib
e:/code/adl_n100_code/uefipldplatform/Build/AdlpPlatformPkgX64/DEBUG_VS2019/X64/MdePkg/Library/BaseLib/BaseLib/OUTPUT/BaseLib.lib
e:/code/adl_n100_code/uefipldplatform/Build/AdlpPlatformPkgX64/DEBUG_VS2019/X64/MdePkg/Library/BaseMemoryLibRepStr/BaseMemoryLibRepStr/OUTPUT/BaseMemoryLibRepStr.lib
e:/code/adl_n100_code/uefipldplatform/Build/AdlpPlatformPkgX64/DEBUG_VS2019/X64/MdePkg/Library/BaseIoLibIntrinsic/BaseIoLibIntrinsic/OUTPUT/BaseIoLibIntrinsic.lib
e:/code/adl_n100_code/uefipldplatform/Build/AdlpPlatformPkgX64/DEBUG_VS2019/X64/MdePkg/Library/BasePciExpressLib/BasePciExpressLib/OUTPUT/BasePciExpressLib.lib
e:/code/adl_n100_code/uefipldplatform/Build/AdlpPlatformPkgX64/DEBUG_VS2019/X64/MdePkg/Library/BasePciLibPciExpress/BasePciLibPciExpress/OUTPUT/BasePciLibPciExpress.lib
e:/code/adl_n100_code/uefipldplatform/Build/AdlpPlatformPkgX64/DEBUG_VS2019/X64/MdePkg/Library/BaseDebugPrintErrorLevelLib/BaseDebugPrintErrorLevelLib/OUTPUT/BaseDebugPrintErrorLevelLib.lib
e:/code/adl_n100_code/uefipldplatform/Build/AdlpPlatformPkgX64/DEBUG_VS2019/X64/MdePkg/Library/BasePrintLib/BasePrintLib/OUTPUT/BasePrintLib.lib
e:/code/adl_n100_code/uefipldplatform/Build/AdlpPlatformPkgX64/DEBUG_VS2019/X64/MdeModulePkg/Library/BaseSerialPortLib16550/BaseSerialPortLib16550/OUTPUT/BaseSerialPortLib16550.lib
e:/code/adl_n100_code/uefipldplatform/Build/AdlpPlatformPkgX64/DEBUG_VS2019/X64/MdePkg/Library/BaseDebugLibSerialPort/BaseDebugLibSerialPort/OUTPUT/BaseDebugLibSerialPort.lib
e:/code/adl_n100_code/uefipldplatform/Build/AdlpPlatformPkgX64/DEBUG_VS2019/X64/MdePkg/Library/DxeCoreEntryPoint/DxeCoreEntryPoint/OUTPUT/DxeCoreEntryPoint.lib
e:/code/adl_n100_code/uefipldplatform/Build/AdlpPlatformPkgX64/DEBUG_VS2019/X64/MdePkg/Library/DxeCoreHobLib/DxeCoreHobLib/OUTPUT/DxeCoreHobLib.lib
e:/code/adl_n100_code/uefipldplatform/Build/AdlpPlatformPkgX64/DEBUG_VS2019/X64/UefiPlatformPkg/Override/UefiPayloadPkg/Library/SblParseLib/SblParseLib/OUTPUT/SblParseLib.lib
e:/code/adl_n100_code/uefipldplatform/Build/AdlpPlatformPkgX64/DEBUG_VS2019/X64/UefiPayloadPkg/Library/PlatformHookLib/PlatformHookLib/OUTPUT/PlatformHookLib.lib
e:/code/adl_n100_code/uefipldplatform/Build/AdlpPlatformPkgX64/DEBUG_VS2019/X64/MdeModulePkg/Library/DxeCoreMemoryAllocationLib/DxeCoreMemoryAllocationLib/OUTPUT/DxeCoreMemoryAllocationLib.lib
e:/code/adl_n100_code/uefipldplatform/Build/AdlpPlatformPkgX64/DEBUG_VS2019/X64/MdePkg/Library/UefiRuntimeServicesTableLib/UefiRuntimeServicesTableLib/OUTPUT/UefiRuntimeServicesTableLib.lib
e:/code/adl_n100_code/uefipldplatform/Build/AdlpPlatformPkgX64/DEBUG_VS2019/X64/MdePkg/Library/UefiDevicePathLib/UefiDevicePathLib/OUTPUT/UefiDevicePathLib.lib
e:/code/adl_n100_code/uefipldplatform/Build/AdlpPlatformPkgX64/DEBUG_VS2019/X64/MdePkg/Library/UefiBootServicesTableLib/UefiBootServicesTableLib/OUTPUT/UefiBootServicesTableLib.lib
e:/code/adl_n100_code/uefipldplatform/Build/AdlpPlatformPkgX64/DEBUG_VS2019/X64/UefiCpuPkg/Library/BaseUefiCpuLib/BaseUefiCpuLib/OUTPUT/BaseUefiCpuLib.lib
e:/code/adl_n100_code/uefipldplatform/Build/AdlpPlatformPkgX64/DEBUG_VS2019/X64/UefiPayloadPkg/Library/AcpiTimerLib/AcpiTimerLib/OUTPUT/AcpiTimerLib.lib
e:/code/adl_n100_code/uefipldplatform/Build/AdlpPlatformPkgX64/DEBUG_VS2019/X64/MdePkg/Library/BasePeCoffExtraActionLibNull/BasePeCoffExtraActionLibNull/OUTPUT/PeCoffExtraActionLibNull.lib
e:/code/adl_n100_code/uefipldplatform/Build/AdlpPlatformPkgX64/DEBUG_VS2019/X64/MdePkg/Library/UefiLib/UefiLib/OUTPUT/UefiLib.lib
e:/code/adl_n100_code/uefipldplatform/Build/AdlpPlatformPkgX64/DEBUG_VS2019/X64/UefiCpuPkg/Library/VmgExitLibNull/VmgExitLibNull/OUTPUT/VmgExitLibNull.lib
e:/code/adl_n100_code/uefipldplatform/Build/AdlpPlatformPkgX64/DEBUG_VS2019/X64/UefiCpuPkg/Library/BaseXApicX2ApicLib/BaseXApicX2ApicLib/OUTPUT/BaseXApicX2ApicLib.lib
e:/code/adl_n100_code/uefipldplatform/Build/AdlpPlatformPkgX64/DEBUG_VS2019/X64/MdePkg/Library/BaseSynchronizationLib/BaseSynchronizationLib/OUTPUT/BaseSynchronizationLib.lib
e:/code/adl_n100_code/uefipldplatform/Build/AdlpPlatformPkgX64/DEBUG_VS2019/X64/MdePkg/Library/BasePeCoffGetEntryPointLib/BasePeCoffGetEntryPointLib/OUTPUT/BasePeCoffGetEntryPointLib.lib
e:/code/adl_n100_code/uefipldplatform/Build/AdlpPlatformPkgX64/DEBUG_VS2019/X64/MdePkg/Library/DxeExtractGuidedSectionLib/DxeExtractGuidedSectionLib/OUTPUT/DxeExtractGuidedSectionLib.lib
e:/code/adl_n100_code/uefipldplatform/Build/AdlpPlatformPkgX64/DEBUG_VS2019/X64/MdePkg/Library/BaseCacheMaintenanceLib/BaseCacheMaintenanceLib/OUTPUT/BaseCacheMaintenanceLib.lib
e:/code/adl_n100_code/uefipldplatform/Build/AdlpPlatformPkgX64/DEBUG_VS2019/X64/MdePkg/Library/BaseUefiDecompressLib/BaseUefiDecompressLib/OUTPUT/BaseUefiDecompressLib.lib
e:/code/adl_n100_code/uefipldplatform/Build/AdlpPlatformPkgX64/DEBUG_VS2019/X64/MdePkg/Library/BasePerformanceLibNull/BasePerformanceLibNull/OUTPUT/BasePerformanceLibNull.lib
e:/code/adl_n100_code/uefipldplatform/Build/AdlpPlatformPkgX64/DEBUG_VS2019/X64/MdePkg/Library/BasePeCoffLib/BasePeCoffLib/OUTPUT/BasePeCoffLib.lib
e:/code/adl_n100_code/uefipldplatform/Build/AdlpPlatformPkgX64/DEBUG_VS2019/X64/MdeModulePkg/Library/DxeReportStatusCodeLib/DxeReportStatusCodeLib/OUTPUT/DxeReportStatusCodeLib.lib
e:/code/adl_n100_code/uefipldplatform/Build/AdlpPlatformPkgX64/DEBUG_VS2019/X64/MdePkg/Library/DxeServicesLib/DxeServicesLib/OUTPUT/DxeServicesLib.lib
e:/code/adl_n100_code/uefipldplatform/Build/AdlpPlatformPkgX64/DEBUG_VS2019/X64/MdeModulePkg/Library/DebugAgentLibNull/DebugAgentLibNull/OUTPUT/DebugAgentLibNull.lib
e:/code/adl_n100_code/uefipldplatform/Build/AdlpPlatformPkgX64/DEBUG_VS2019/X64/UefiCpuPkg/Library/CpuExceptionHandlerLib/DxeCpuExceptionHandlerLib/OUTPUT/DxeCpuExceptionHandlerLib.lib
e:/code/adl_n100_code/uefipldplatform/Build/AdlpPlatformPkgX64/DEBUG_VS2019/X64/MdeModulePkg/Library/LzmaCustomDecompressLib/LzmaCustomDecompressLib/OUTPUT/LzmaDecompressLib.lib