e:/code/adl_n100_code/sblplatform/Build/BootloaderCorePkg/DEBUG_VS2019/IA32/BootloaderCommonPkg/Library/IppCryptoLib/IppCryptoLib/OUTPUT/auth/gsmodmethod.obj
e:/code/adl_n100_code/sblplatform/Build/BootloaderCorePkg/DEBUG_VS2019/IA32/BootloaderCommonPkg/Library/IppCryptoLib/IppCryptoLib/OUTPUT/auth/gsmodstuff.obj
e:/code/adl_n100_code/sblplatform/Build/BootloaderCorePkg/DEBUG_VS2019/IA32/BootloaderCommonPkg/Library/IppCryptoLib/IppCryptoLib/OUTPUT/auth/pcpbnca.obj
e:/code/adl_n100_code/sblplatform/Build/BootloaderCorePkg/DEBUG_VS2019/IA32/BootloaderCommonPkg/Library/IppCryptoLib/IppCryptoLib/OUTPUT/auth/pcpbnsetca.obj
e:/code/adl_n100_code/sblplatform/Build/BootloaderCorePkg/DEBUG_VS2019/IA32/BootloaderCommonPkg/Library/IppCryptoLib/IppCryptoLib/OUTPUT/auth/pcpbnu32arith.obj
e:/code/adl_n100_code/sblplatform/Build/BootloaderCorePkg/DEBUG_VS2019/IA32/BootloaderCommonPkg/Library/IppCryptoLib/IppCryptoLib/OUTPUT/auth/pcpbnu32misc.obj
e:/code/adl_n100_code/sblplatform/Build/BootloaderCorePkg/DEBUG_VS2019/IA32/BootloaderCommonPkg/Library/IppCryptoLib/IppCryptoLib/OUTPUT/auth/pcpbnuarith.obj
e:/code/adl_n100_code/sblplatform/Build/BootloaderCorePkg/DEBUG_VS2019/IA32/BootloaderCommonPkg/Library/IppCryptoLib/IppCryptoLib/OUTPUT/auth/pcpbnumisc.obj
e:/code/adl_n100_code/sblplatform/Build/BootloaderCorePkg/DEBUG_VS2019/IA32/BootloaderCommonPkg/Library/IppCryptoLib/IppCryptoLib/OUTPUT/auth/pcphashca_rmf.obj
e:/code/adl_n100_code/sblplatform/Build/BootloaderCorePkg/DEBUG_VS2019/IA32/BootloaderCommonPkg/Library/IppCryptoLib/IppCryptoLib/OUTPUT/auth/pcphashcnt.obj
e:/code/adl_n100_code/sblplatform/Build/BootloaderCorePkg/DEBUG_VS2019/IA32/BootloaderCommonPkg/Library/IppCryptoLib/IppCryptoLib/OUTPUT/auth/pcpmontred.obj
e:/code/adl_n100_code/sblplatform/Build/BootloaderCorePkg/DEBUG_VS2019/IA32/BootloaderCommonPkg/Library/IppCryptoLib/IppCryptoLib/OUTPUT/auth/pcpngrsaencodec.obj
e:/code/adl_n100_code/sblplatform/Build/BootloaderCorePkg/DEBUG_VS2019/IA32/BootloaderCommonPkg/Library/IppCryptoLib/IppCryptoLib/OUTPUT/auth/pcpngrsakeypublic.obj
e:/code/adl_n100_code/sblplatform/Build/BootloaderCorePkg/DEBUG_VS2019/IA32/BootloaderCommonPkg/Library/IppCryptoLib/IppCryptoLib/OUTPUT/auth/pcpngrsamontstuff.obj
e:/code/adl_n100_code/sblplatform/Build/BootloaderCorePkg/DEBUG_VS2019/IA32/BootloaderCommonPkg/Library/IppCryptoLib/IppCryptoLib/OUTPUT/auth/pcpngrsassapkcsv15ca_rmf.obj
e:/code/adl_n100_code/sblplatform/Build/BootloaderCorePkg/DEBUG_VS2019/IA32/BootloaderCommonPkg/Library/IppCryptoLib/IppCryptoLib/OUTPUT/auth/pcpngrsapss_rmf.obj
e:/code/adl_n100_code/sblplatform/Build/BootloaderCorePkg/DEBUG_VS2019/IA32/BootloaderCommonPkg/Library/IppCryptoLib/IppCryptoLib/OUTPUT/auth/pcpmgf1ca_rmf.obj
e:/code/adl_n100_code/sblplatform/Build/BootloaderCorePkg/DEBUG_VS2019/IA32/BootloaderCommonPkg/Library/IppCryptoLib/IppCryptoLib/OUTPUT/auth/pcpsha256ca.obj
e:/code/adl_n100_code/sblplatform/Build/BootloaderCorePkg/DEBUG_VS2019/IA32/BootloaderCommonPkg/Library/IppCryptoLib/IppCryptoLib/OUTPUT/auth/pcpsha512ca.obj
e:/code/adl_n100_code/sblplatform/Build/BootloaderCorePkg/DEBUG_VS2019/IA32/BootloaderCommonPkg/Library/IppCryptoLib/IppCryptoLib/OUTPUT/auth/pcpsm3ca.obj
e:/code/adl_n100_code/sblplatform/Build/BootloaderCorePkg/DEBUG_VS2019/IA32/BootloaderCommonPkg/Library/IppCryptoLib/IppCryptoLib/OUTPUT/auth/pcphmacca_rmf.obj
e:/code/adl_n100_code/sblplatform/Build/BootloaderCorePkg/DEBUG_VS2019/IA32/BootloaderCommonPkg/Library/IppCryptoLib/IppCryptoLib/OUTPUT/hmac.obj
e:/code/adl_n100_code/sblplatform/Build/BootloaderCorePkg/DEBUG_VS2019/IA32/BootloaderCommonPkg/Library/IppCryptoLib/IppCryptoLib/OUTPUT/rsa_verify.obj
e:/code/adl_n100_code/sblplatform/Build/BootloaderCorePkg/DEBUG_VS2019/IA32/BootloaderCommonPkg/Library/IppCryptoLib/IppCryptoLib/OUTPUT/sha256.obj
e:/code/adl_n100_code/sblplatform/Build/BootloaderCorePkg/DEBUG_VS2019/IA32/BootloaderCommonPkg/Library/IppCryptoLib/IppCryptoLib/OUTPUT/sha384.obj
e:/code/adl_n100_code/sblplatform/Build/BootloaderCorePkg/DEBUG_VS2019/IA32/BootloaderCommonPkg/Library/IppCryptoLib/IppCryptoLib/OUTPUT/sm3.obj
e:/code/adl_n100_code/sblplatform/Build/BootloaderCorePkg/DEBUG_VS2019/IA32/BootloaderCommonPkg/Library/IppCryptoLib/IppCryptoLib/OUTPUT/auth/Ia32/pcpsha256v8as.obj
e:/code/adl_n100_code/sblplatform/Build/BootloaderCorePkg/DEBUG_VS2019/IA32/BootloaderCommonPkg/Library/IppCryptoLib/IppCryptoLib/OUTPUT/auth/Ia32/pcpsha256nias.obj
e:/code/adl_n100_code/sblplatform/Build/BootloaderCorePkg/DEBUG_VS2019/IA32/BootloaderCommonPkg/Library/IppCryptoLib/IppCryptoLib/OUTPUT/auth/Ia32/pcpsha512w7as.obj
e:/code/adl_n100_code/sblplatform/Build/BootloaderCorePkg/DEBUG_VS2019/IA32/BootloaderCommonPkg/Library/IppCryptoLib/IppCryptoLib/OUTPUT/auth/Ia32/pcpsha512g9as.obj