e:/code/adl_n100_code/sblplatform/Build/BootloaderCorePkg/DEBUG_VS2019/IA32/MdePkg/Library/BaseMemoryLibSse2/BaseMemoryLibSse2/OUTPUT/ScanMem64Wrapper.obj
e:/code/adl_n100_code/sblplatform/Build/BootloaderCorePkg/DEBUG_VS2019/IA32/MdePkg/Library/BaseMemoryLibSse2/BaseMemoryLibSse2/OUTPUT/ScanMem32Wrapper.obj
e:/code/adl_n100_code/sblplatform/Build/BootloaderCorePkg/DEBUG_VS2019/IA32/MdePkg/Library/BaseMemoryLibSse2/BaseMemoryLibSse2/OUTPUT/ScanMem16Wrapper.obj
e:/code/adl_n100_code/sblplatform/Build/BootloaderCorePkg/DEBUG_VS2019/IA32/MdePkg/Library/BaseMemoryLibSse2/BaseMemoryLibSse2/OUTPUT/ScanMem8Wrapper.obj
e:/code/adl_n100_code/sblplatform/Build/BootloaderCorePkg/DEBUG_VS2019/IA32/MdePkg/Library/BaseMemoryLibSse2/BaseMemoryLibSse2/OUTPUT/ZeroMemWrapper.obj
e:/code/adl_n100_code/sblplatform/Build/BootloaderCorePkg/DEBUG_VS2019/IA32/MdePkg/Library/BaseMemoryLibSse2/BaseMemoryLibSse2/OUTPUT/CompareMemWrapper.obj
e:/code/adl_n100_code/sblplatform/Build/BootloaderCorePkg/DEBUG_VS2019/IA32/MdePkg/Library/BaseMemoryLibSse2/BaseMemoryLibSse2/OUTPUT/SetMem64Wrapper.obj
e:/code/adl_n100_code/sblplatform/Build/BootloaderCorePkg/DEBUG_VS2019/IA32/MdePkg/Library/BaseMemoryLibSse2/BaseMemoryLibSse2/OUTPUT/SetMem32Wrapper.obj
e:/code/adl_n100_code/sblplatform/Build/BootloaderCorePkg/DEBUG_VS2019/IA32/MdePkg/Library/BaseMemoryLibSse2/BaseMemoryLibSse2/OUTPUT/SetMem16Wrapper.obj
e:/code/adl_n100_code/sblplatform/Build/BootloaderCorePkg/DEBUG_VS2019/IA32/MdePkg/Library/BaseMemoryLibSse2/BaseMemoryLibSse2/OUTPUT/SetMemWrapper.obj
e:/code/adl_n100_code/sblplatform/Build/BootloaderCorePkg/DEBUG_VS2019/IA32/MdePkg/Library/BaseMemoryLibSse2/BaseMemoryLibSse2/OUTPUT/CopyMemWrapper.obj
e:/code/adl_n100_code/sblplatform/Build/BootloaderCorePkg/DEBUG_VS2019/IA32/MdePkg/Library/BaseMemoryLibSse2/BaseMemoryLibSse2/OUTPUT/IsZeroBufferWrapper.obj
e:/code/adl_n100_code/sblplatform/Build/BootloaderCorePkg/DEBUG_VS2019/IA32/MdePkg/Library/BaseMemoryLibSse2/BaseMemoryLibSse2/OUTPUT/MemLibGuid.obj
e:/code/adl_n100_code/sblplatform/Build/BootloaderCorePkg/DEBUG_VS2019/IA32/MdePkg/Library/BaseMemoryLibSse2/BaseMemoryLibSse2/OUTPUT/Ia32/ScanMem64.obj
e:/code/adl_n100_code/sblplatform/Build/BootloaderCorePkg/DEBUG_VS2019/IA32/MdePkg/Library/BaseMemoryLibSse2/BaseMemoryLibSse2/OUTPUT/Ia32/ScanMem32.obj
e:/code/adl_n100_code/sblplatform/Build/BootloaderCorePkg/DEBUG_VS2019/IA32/MdePkg/Library/BaseMemoryLibSse2/BaseMemoryLibSse2/OUTPUT/Ia32/ScanMem16.obj
e:/code/adl_n100_code/sblplatform/Build/BootloaderCorePkg/DEBUG_VS2019/IA32/MdePkg/Library/BaseMemoryLibSse2/BaseMemoryLibSse2/OUTPUT/Ia32/ScanMem8.obj
e:/code/adl_n100_code/sblplatform/Build/BootloaderCorePkg/DEBUG_VS2019/IA32/MdePkg/Library/BaseMemoryLibSse2/BaseMemoryLibSse2/OUTPUT/Ia32/CompareMem.obj
e:/code/adl_n100_code/sblplatform/Build/BootloaderCorePkg/DEBUG_VS2019/IA32/MdePkg/Library/BaseMemoryLibSse2/BaseMemoryLibSse2/OUTPUT/Ia32/ZeroMem.obj
e:/code/adl_n100_code/sblplatform/Build/BootloaderCorePkg/DEBUG_VS2019/IA32/MdePkg/Library/BaseMemoryLibSse2/BaseMemoryLibSse2/OUTPUT/Ia32/SetMem64.obj
e:/code/adl_n100_code/sblplatform/Build/BootloaderCorePkg/DEBUG_VS2019/IA32/MdePkg/Library/BaseMemoryLibSse2/BaseMemoryLibSse2/OUTPUT/Ia32/SetMem32.obj
e:/code/adl_n100_code/sblplatform/Build/BootloaderCorePkg/DEBUG_VS2019/IA32/MdePkg/Library/BaseMemoryLibSse2/BaseMemoryLibSse2/OUTPUT/Ia32/SetMem16.obj
e:/code/adl_n100_code/sblplatform/Build/BootloaderCorePkg/DEBUG_VS2019/IA32/MdePkg/Library/BaseMemoryLibSse2/BaseMemoryLibSse2/OUTPUT/Ia32/SetMem.obj
e:/code/adl_n100_code/sblplatform/Build/BootloaderCorePkg/DEBUG_VS2019/IA32/MdePkg/Library/BaseMemoryLibSse2/BaseMemoryLibSse2/OUTPUT/Ia32/CopyMem.obj
e:/code/adl_n100_code/sblplatform/Build/BootloaderCorePkg/DEBUG_VS2019/IA32/MdePkg/Library/BaseMemoryLibSse2/BaseMemoryLibSse2/OUTPUT/Ia32/IsZeroBuffer.obj