e:/code/adl_n100_code/sblplatform/Build/BootloaderCorePkg/DEBUG_VS2019/IA32/BootloaderCorePkg/Stage2/Stage2/OUTPUT/Stage2.lib
e:/code/adl_n100_code/sblplatform/Build/BootloaderCorePkg/DEBUG_VS2019/IA32/MdePkg/Library/RegisterFilterLibNull/RegisterFilterLibNull/OUTPUT/FilterLibNull.lib
e:/code/adl_n100_code/sblplatform/Build/BootloaderCorePkg/DEBUG_VS2019/IA32/MdePkg/Library/BasePciExpressLib/BasePciExpressLib/OUTPUT/BasePciExpressLib.lib
e:/code/adl_n100_code/sblplatform/Build/BootloaderCorePkg/DEBUG_VS2019/IA32/Silicon/AlderlakePkg/Library/GpioSiLib/GpioSiLib/OUTPUT/GpioSiLib.lib
e:/code/adl_n100_code/sblplatform/Build/BootloaderCorePkg/DEBUG_VS2019/IA32/Silicon/CommonSocPkg/Library/PchPcrLib/PchPcrLib/OUTPUT/PchPcrLib.lib
e:/code/adl_n100_code/sblplatform/Build/BootloaderCorePkg/DEBUG_VS2019/IA32/Silicon/AlderlakePkg/Library/PchInfoLib/PchInfoLib/OUTPUT/PchInfoLib.lib
e:/code/adl_n100_code/sblplatform/Build/BootloaderCorePkg/DEBUG_VS2019/IA32/MdePkg/Library/BasePciLibPciExpress/BasePciLibPciExpress/OUTPUT/BasePciLibPciExpress.lib
e:/code/adl_n100_code/sblplatform/Build/BootloaderCorePkg/DEBUG_VS2019/IA32/Silicon/AlderlakePkg/Library/PlatformHookLib/PlatformHookLib/OUTPUT/PlatformHookLib.lib
e:/code/adl_n100_code/sblplatform/Build/BootloaderCorePkg/DEBUG_VS2019/IA32/BootloaderCommonPkg/Library/BootloaderCommonLib/BootloaderCommonLib/OUTPUT/BootloaderCommonLib.lib
e:/code/adl_n100_code/sblplatform/Build/BootloaderCorePkg/DEBUG_VS2019/IA32/BootloaderCorePkg/Library/DebugPrintErrorLevelLib/DebugPrintErrorLevelLib/OUTPUT/DebugPrintErrorLevelLib.lib
e:/code/adl_n100_code/sblplatform/Build/BootloaderCorePkg/DEBUG_VS2019/IA32/MdePkg/Library/BasePrintLib/BasePrintLib/OUTPUT/BasePrintLib.lib
e:/code/adl_n100_code/sblplatform/Build/BootloaderCorePkg/DEBUG_VS2019/IA32/BootloaderCommonPkg/Library/PcdLib/PcdLib/OUTPUT/PcdLib.lib
e:/code/adl_n100_code/sblplatform/Build/BootloaderCorePkg/DEBUG_VS2019/IA32/MdePkg/Library/BaseMemoryLibSse2/BaseMemoryLibSse2/OUTPUT/BaseMemoryLibSse2.lib
e:/code/adl_n100_code/sblplatform/Build/BootloaderCorePkg/DEBUG_VS2019/IA32/BootloaderCommonPkg/Library/ConsoleOutLib/ConsoleOutLib/OUTPUT/ConsoleOutLib.lib
e:/code/adl_n100_code/sblplatform/Build/BootloaderCorePkg/DEBUG_VS2019/IA32/BootloaderCommonPkg/Library/DebugLogBufferLib/DebugLogBufferLib/OUTPUT/DebugLogBufferLib.lib
e:/code/adl_n100_code/sblplatform/Build/BootloaderCorePkg/DEBUG_VS2019/IA32/BootloaderCommonPkg/Library/DebugPortLib/DebugPortLibNull/OUTPUT/DebugPortLib.lib
e:/code/adl_n100_code/sblplatform/Build/BootloaderCorePkg/DEBUG_VS2019/IA32/BootloaderCommonPkg/Library/SerialPortLib/SerialPortLib/OUTPUT/SerialPortLib.lib
e:/code/adl_n100_code/sblplatform/Build/BootloaderCorePkg/DEBUG_VS2019/IA32/BootloaderCommonPkg/Library/BootloaderDebugLib/BootloaderDebugLib/OUTPUT/BaseFspDebugLibSerialPort.lib
e:/code/adl_n100_code/sblplatform/Build/BootloaderCorePkg/DEBUG_VS2019/IA32/MdePkg/Library/BaseIoLibIntrinsic/BaseIoLibIntrinsic/OUTPUT/BaseIoLibIntrinsic.lib
e:/code/adl_n100_code/sblplatform/Build/BootloaderCorePkg/DEBUG_VS2019/IA32/BootloaderCommonPkg/Library/GraphicsLib/GraphicsLib/OUTPUT/GraphicsLib.lib
e:/code/adl_n100_code/sblplatform/Build/BootloaderCorePkg/DEBUG_VS2019/IA32/BootloaderCommonPkg/Library/HobLib/HobLib/OUTPUT/HobLib.lib
e:/code/adl_n100_code/sblplatform/Build/BootloaderCorePkg/DEBUG_VS2019/IA32/BootloaderCorePkg/Library/MemoryAllocationLib/MemoryAllocationLib/OUTPUT/MemoryAllocationLib.lib
e:/code/adl_n100_code/sblplatform/Build/BootloaderCorePkg/DEBUG_VS2019/IA32/BootloaderCorePkg/Library/BootloaderCoreLib/BootloaderCoreLib/OUTPUT/BootloaderCoreLib.lib
e:/code/adl_n100_code/sblplatform/Build/BootloaderCorePkg/DEBUG_VS2019/IA32/BootloaderCorePkg/Library/BootloaderLib/BootloaderLib/OUTPUT/BootloaderLib.lib
e:/code/adl_n100_code/sblplatform/Build/BootloaderCorePkg/DEBUG_VS2019/IA32/MdePkg/Library/BaseLib/BaseLib/OUTPUT/BaseLib.lib
e:/code/adl_n100_code/sblplatform/Build/BootloaderCorePkg/DEBUG_VS2019/IA32/MdePkg/Library/BasePciSegmentLibPci/BasePciSegmentLibPci/OUTPUT/BasePciSegmentLibPci.lib
e:/code/adl_n100_code/sblplatform/Build/BootloaderCorePkg/DEBUG_VS2019/IA32/Silicon/CommonSocPkg/Library/PchSbiAccessLib/PchSbiAccessLib/OUTPUT/PchSbiAccessLib.lib
e:/code/adl_n100_code/sblplatform/Build/BootloaderCorePkg/DEBUG_VS2019/IA32/MdePkg/Library/BaseRngLib/BaseRngLib/OUTPUT/BaseRngLib.lib
e:/code/adl_n100_code/sblplatform/Build/BootloaderCorePkg/DEBUG_VS2019/IA32/BootloaderCommonPkg/Library/IppCryptoLib/IppCryptoLib/OUTPUT/IppCryptoLib.lib
e:/code/adl_n100_code/sblplatform/Build/BootloaderCorePkg/DEBUG_VS2019/IA32/BootloaderCommonPkg/Library/LzmaCustomDecompressLib/LzmaCustomDecompressLib/OUTPUT/LzmaDecompressLib.lib
e:/code/adl_n100_code/sblplatform/Build/BootloaderCorePkg/DEBUG_VS2019/IA32/BootloaderCommonPkg/Library/Lz4CompressLib/Lz4CompressLib/OUTPUT/Lz4CompressLib.lib
e:/code/adl_n100_code/sblplatform/Build/BootloaderCorePkg/DEBUG_VS2019/IA32/Silicon/AlderlakePkg/Library/BasePcieHelperLib/BasePcieHelperLib/OUTPUT/BasePcieHelperLib.lib
e:/code/adl_n100_code/sblplatform/Build/BootloaderCorePkg/DEBUG_VS2019/IA32/Silicon/AlderlakePkg/Library/BasePchPciBdfLib/BasePchPciBdfLib/OUTPUT/PchPciBdfLib.lib
e:/code/adl_n100_code/sblplatform/Build/BootloaderCorePkg/DEBUG_VS2019/IA32/Silicon/CommonSocPkg/Library/GpioLib/GpioLib/OUTPUT/GpioLib.lib
e:/code/adl_n100_code/sblplatform/Build/BootloaderCorePkg/DEBUG_VS2019/IA32/BootloaderCommonPkg/Library/AcpiTimerLib/AcpiTimerLib/OUTPUT/AcpiTimerLib.lib
e:/code/adl_n100_code/sblplatform/Build/BootloaderCorePkg/DEBUG_VS2019/IA32/Silicon/CommonSocPkg/Library/PchSpiLib/PchSpiLib/OUTPUT/PchSpiLib.lib
e:/code/adl_n100_code/sblplatform/Build/BootloaderCorePkg/DEBUG_VS2019/IA32/BootloaderCommonPkg/Library/SecureBootLib/SecureBootLib/OUTPUT/SecureBootLib.lib
e:/code/adl_n100_code/sblplatform/Build/BootloaderCorePkg/DEBUG_VS2019/IA32/BootloaderCommonPkg/Library/DecompressLib/DecompressLib/OUTPUT/DecompressLib.lib
e:/code/adl_n100_code/sblplatform/Build/BootloaderCorePkg/DEBUG_VS2019/IA32/Silicon/AlderlakePkg/Library/MeChipsetLib/MeChipsetLib/OUTPUT/MeChipsetLib.lib
e:/code/adl_n100_code/sblplatform/Build/BootloaderCorePkg/DEBUG_VS2019/IA32/Silicon/AlderlakePkg/Library/PcieClientRpLib/PcieClientRpLib/OUTPUT/PcieClientRpLib.lib
e:/code/adl_n100_code/sblplatform/Build/BootloaderCorePkg/DEBUG_VS2019/IA32/Silicon/CommonSocPkg/Library/SpiFlashLib/SpiFlashLib/OUTPUT/SpiFlashLib.lib
e:/code/adl_n100_code/sblplatform/Build/BootloaderCorePkg/DEBUG_VS2019/IA32/BootloaderCommonPkg/Library/ContainerLib/ContainerLib/OUTPUT/ContainerLib.lib
e:/code/adl_n100_code/sblplatform/Build/BootloaderCorePkg/DEBUG_VS2019/IA32/Platform/AlderlakeBoardPkg/Library/ResetSystemLib/ResetSystemLib/OUTPUT/ResetSystemLib.lib
e:/code/adl_n100_code/sblplatform/Build/BootloaderCorePkg/DEBUG_VS2019/IA32/BootloaderCorePkg/Library/HobBuildLib/HobBuildLib/OUTPUT/HobBuildLib.lib
e:/code/adl_n100_code/sblplatform/Build/BootloaderCorePkg/DEBUG_VS2019/IA32/Silicon/CommonSocPkg/Library/HeciLib/HeciLib/OUTPUT/HeciLib.lib
e:/code/adl_n100_code/sblplatform/Build/BootloaderCorePkg/DEBUG_VS2019/IA32/BootloaderCommonPkg/Library/Crc32Lib/Crc32Lib/OUTPUT/Crc32Lib.lib
e:/code/adl_n100_code/sblplatform/Build/BootloaderCorePkg/DEBUG_VS2019/IA32/Silicon/AlderlakePkg/Library/PciExpressHelpersLibrary/PciExpressHelpersLibrary/OUTPUT/PciExpressHelpersLib.lib
e:/code/adl_n100_code/sblplatform/Build/BootloaderCorePkg/DEBUG_VS2019/IA32/Silicon/CommonSocPkg/Library/FusaConfigLibNull/FusaConfigLibNull/OUTPUT/FusaConfigLibNull.lib
e:/code/adl_n100_code/sblplatform/Build/BootloaderCorePkg/DEBUG_VS2019/IA32/Silicon/CommonSocPkg/Library/TccLib/TccLib/OUTPUT/TccLib.lib
e:/code/adl_n100_code/sblplatform/Build/BootloaderCorePkg/DEBUG_VS2019/IA32/Silicon/CommonSocPkg/Library/WatchDogTimerLib/WatchDogTimerLib/OUTPUT/WatchDogTimerLib.lib
e:/code/adl_n100_code/sblplatform/Build/BootloaderCorePkg/DEBUG_VS2019/IA32/BootloaderCommonPkg/Library/ConfigDataLib/ConfigDataLib/OUTPUT/ConfigDataLib.lib
e:/code/adl_n100_code/sblplatform/Build/BootloaderCorePkg/DEBUG_VS2019/IA32/BootloaderCommonPkg/Library/TpmLib/TpmLib/OUTPUT/TpmLib.lib
e:/code/adl_n100_code/sblplatform/Build/BootloaderCorePkg/DEBUG_VS2019/IA32/Silicon/AlderlakePkg/Library/HeciMeExtLib/HeciMeExtLib/OUTPUT/HeciDxeMeExtLib.lib
e:/code/adl_n100_code/sblplatform/Build/BootloaderCorePkg/DEBUG_VS2019/IA32/BootloaderCorePkg/Library/DebugDataLib/DebugDataLib/OUTPUT/DebugDataLib.lib
e:/code/adl_n100_code/sblplatform/Build/BootloaderCorePkg/DEBUG_VS2019/IA32/BootloaderCommonPkg/Library/IoMmuLib/IoMmuLib/OUTPUT/IoMmuLib.lib
e:/code/adl_n100_code/sblplatform/Build/BootloaderCorePkg/DEBUG_VS2019/IA32/BootloaderCommonPkg/Library/ExtraBaseLib/ExtraBaseLib/OUTPUT/ExtraBaseLib.lib
e:/code/adl_n100_code/sblplatform/Build/BootloaderCorePkg/DEBUG_VS2019/IA32/BootloaderCommonPkg/Library/MtrrLib/MtrrLib/OUTPUT/MtrrLib.lib
e:/code/adl_n100_code/sblplatform/Build/BootloaderCorePkg/DEBUG_VS2019/IA32/MdePkg/Library/BaseSynchronizationLib/BaseSynchronizationLib/OUTPUT/BaseSynchronizationLib.lib
e:/code/adl_n100_code/sblplatform/Build/BootloaderCorePkg/DEBUG_VS2019/IA32/BootloaderCorePkg/Library/S3SaveRestoreLib/S3SaveRestoreLib/OUTPUT/S3SaveRestoreLib.lib
e:/code/adl_n100_code/sblplatform/Build/BootloaderCorePkg/DEBUG_VS2019/IA32/BootloaderCommonPkg/Library/BaseXApicX2ApicLib/BaseXApicX2ApicLib/OUTPUT/BaseXApicX2ApicLib.lib
e:/code/adl_n100_code/sblplatform/Build/BootloaderCorePkg/DEBUG_VS2019/IA32/BootloaderCommonPkg/Library/SortLib/SortLib/OUTPUT/SortLib.lib
e:/code/adl_n100_code/sblplatform/Build/BootloaderCorePkg/DEBUG_VS2019/IA32/BootloaderCommonPkg/Library/PagingLib/PagingLib/OUTPUT/PagingLib.lib
e:/code/adl_n100_code/sblplatform/Build/BootloaderCorePkg/DEBUG_VS2019/IA32/BootloaderCommonPkg/Library/DebugAgentLib/DebugAgentLibNull/OUTPUT/DebugAgentLibNull.lib
e:/code/adl_n100_code/sblplatform/Build/BootloaderCorePkg/DEBUG_VS2019/IA32/Silicon/CommonSocPkg/Library/CrashLogLibNull/CrashLogLibNull/OUTPUT/CrashLogLibNull.lib
e:/code/adl_n100_code/sblplatform/Build/BootloaderCorePkg/DEBUG_VS2019/IA32/Silicon/AlderlakePkg/Library/PciePm/PciePm/OUTPUT/PciePm.lib
e:/code/adl_n100_code/sblplatform/Build/BootloaderCorePkg/DEBUG_VS2019/IA32/Platform/AlderlakeBoardPkg/Library/FspsUpdUpdateLib/FspsUpdUpdateLib/OUTPUT/FspsUpdUpdateLib.lib
e:/code/adl_n100_code/sblplatform/Build/BootloaderCorePkg/DEBUG_VS2019/IA32/Silicon/AlderlakePkg/Library/CpuPcieHsPhyInitLib/CpuPcieHsPhyInitLib/OUTPUT/CpuPcieHsPhyInitLib.lib
e:/code/adl_n100_code/sblplatform/Build/BootloaderCorePkg/DEBUG_VS2019/IA32/Silicon/AlderlakePkg/Library/MeExtMeasurementLib/MeExtMeasurementLib/OUTPUT/MeExtMeasurementLib.lib
e:/code/adl_n100_code/sblplatform/Build/BootloaderCorePkg/DEBUG_VS2019/IA32/Silicon/AlderlakePkg/Library/PsdLib/PsdLib/OUTPUT/PsdLib.lib
e:/code/adl_n100_code/sblplatform/Build/BootloaderCorePkg/DEBUG_VS2019/IA32/Silicon/AlderlakePkg/Library/VTdLib/VTdLib/OUTPUT/VtdLib.lib
e:/code/adl_n100_code/sblplatform/Build/BootloaderCorePkg/DEBUG_VS2019/IA32/Silicon/CommonSocPkg/Library/IgdOpRegionLib/IgdOpRegionLib/OUTPUT/IgdOpRegionLib.lib
e:/code/adl_n100_code/sblplatform/Build/BootloaderCorePkg/DEBUG_VS2019/IA32/Silicon/CommonSocPkg/Library/BdatLib/BdatLib/OUTPUT/BdatLib.lib
e:/code/adl_n100_code/sblplatform/Build/BootloaderCorePkg/DEBUG_VS2019/IA32/Platform/CommonBoardPkg/Library/BoardSupportLib/BoardSupportLib/OUTPUT/BoardSupportLib.lib
e:/code/adl_n100_code/sblplatform/Build/BootloaderCorePkg/DEBUG_VS2019/IA32/BootloaderCommonPkg/Library/BootOptionLib/BootOptionLib/OUTPUT/BootOptionLib.lib
e:/code/adl_n100_code/sblplatform/Build/BootloaderCorePkg/DEBUG_VS2019/IA32/BootloaderCommonPkg/Library/MmcAccessLib/MmcAccessLib/OUTPUT/MmcAccessLib.lib
e:/code/adl_n100_code/sblplatform/Build/BootloaderCorePkg/DEBUG_VS2019/IA32/BootloaderCommonPkg/Library/LiteVariableLib/LiteVariableLib/OUTPUT/LiteVariableLib.lib
e:/code/adl_n100_code/sblplatform/Build/BootloaderCorePkg/DEBUG_VS2019/IA32/BootloaderCommonPkg/Library/TimeStampLib/TimeStampLib/OUTPUT/TimeStampLib.lib
e:/code/adl_n100_code/sblplatform/Build/BootloaderCorePkg/DEBUG_VS2019/IA32/BootloaderCorePkg/Library/MpInitLib/MpInitLib/OUTPUT/MpInitLib.lib
e:/code/adl_n100_code/sblplatform/Build/BootloaderCorePkg/DEBUG_VS2019/IA32/BootloaderCommonPkg/Library/ThunkLib/ThunkLib/OUTPUT/ThunkLib.lib
e:/code/adl_n100_code/sblplatform/Build/BootloaderCorePkg/DEBUG_VS2019/IA32/BootloaderCommonPkg/Library/LitePeCoffLib/LitePeCoffLib/OUTPUT/LitePeCoffLib.lib
e:/code/adl_n100_code/sblplatform/Build/BootloaderCorePkg/DEBUG_VS2019/IA32/BootloaderCommonPkg/Library/ElfLib/ElfLib/OUTPUT/ElfLib.lib
e:/code/adl_n100_code/sblplatform/Build/BootloaderCorePkg/DEBUG_VS2019/IA32/BootloaderCorePkg/Library/FspSupportLib/FspSupportLib/OUTPUT/FspSupportLib.lib
e:/code/adl_n100_code/sblplatform/Build/BootloaderCorePkg/DEBUG_VS2019/IA32/BootloaderCommonPkg/Library/ModuleEntryLib/ModuleEntryLib/OUTPUT/ModuleEntryLib.lib
e:/code/adl_n100_code/sblplatform/Build/BootloaderCorePkg/DEBUG_VS2019/IA32/Silicon/AlderlakePkg/Library/Stage2SocInitLib/Stage2SocInitLib/OUTPUT/Stage2SocInitLib.lib
e:/code/adl_n100_code/sblplatform/Build/BootloaderCorePkg/DEBUG_VS2019/IA32/Platform/AlderlakeBoardPkg/Library/Stage2BoardInitLib/Stage2BoardInitLib/OUTPUT/Stage2BoardInitLib.lib
e:/code/adl_n100_code/sblplatform/Build/BootloaderCorePkg/DEBUG_VS2019/IA32/BootloaderCorePkg/Library/PciEnumerationLib/PciEnumerationLib/OUTPUT/PciEnumerationLib.lib
e:/code/adl_n100_code/sblplatform/Build/BootloaderCorePkg/DEBUG_VS2019/IA32/BootloaderCorePkg/Library/AcpiInitLib/AcpiInitLib/OUTPUT/AcpiInitLib.lib
e:/code/adl_n100_code/sblplatform/Build/BootloaderCorePkg/DEBUG_VS2019/IA32/BootloaderCommonPkg/Library/LoaderPerformanceLib/LoaderPerformanceLib/OUTPUT/LoaderPerformanceLib.lib
e:/code/adl_n100_code/sblplatform/Build/BootloaderCorePkg/DEBUG_VS2019/IA32/BootloaderCorePkg/Library/FspApiLib/FspsApiLib/OUTPUT/FspsApiLib.lib
e:/code/adl_n100_code/sblplatform/Build/BootloaderCorePkg/DEBUG_VS2019/IA32/Platform/CommonBoardPkg/Library/LoaderLib/LoaderLib/OUTPUT/LoaderLib.lib
e:/code/adl_n100_code/sblplatform/Build/BootloaderCorePkg/DEBUG_VS2019/IA32/BootloaderCorePkg/Library/CpuExceptionLib/CpuExceptionLib/OUTPUT/CpuExceptionLib.lib
e:/code/adl_n100_code/sblplatform/Build/BootloaderCorePkg/DEBUG_VS2019/IA32/BootloaderCommonPkg/Library/LiteFvLib/LiteFvLib/OUTPUT/LiteFvLib.lib
e:/code/adl_n100_code/sblplatform/Build/BootloaderCorePkg/DEBUG_VS2019/IA32/BootloaderCorePkg/Library/SmbiosInitLib/SmbiosInitLib/OUTPUT/SmbiosInitLib.lib
e:/code/adl_n100_code/sblplatform/Build/BootloaderCorePkg/DEBUG_VS2019/IA32/BootloaderCommonPkg/Library/LinuxLib/LinuxLib/OUTPUT/LinuxLib.lib
e:/code/adl_n100_code/sblplatform/Build/BootloaderCorePkg/DEBUG_VS2019/IA32/BootloaderCorePkg/Library/StageLib/StageLib/OUTPUT/StageLib.lib
e:/code/adl_n100_code/sblplatform/Build/BootloaderCorePkg/DEBUG_VS2019/IA32/BootloaderCommonPkg/Library/UniversalPayloadLib/UniversalPayloadLib/OUTPUT/UniversalPayloadLib.lib
e:/code/adl_n100_code/sblplatform/Build/BootloaderCorePkg/DEBUG_VS2019/IA32/Silicon/CommonSocPkg/Library/TcoTimerLib/TcoTimerLib/OUTPUT/TcoTimerLib.lib