/Ie:\code\adl_n100_code\sblplatform\SblOpen\Platform\AlderlakeBoardPkg\AcpiTables\Dptf
/Ie:\code\adl_n100_code\sblplatform\SblOpen\Platform\AlderlakeBoardPkg\AcpiTables\Lpit
/Ie:\code\adl_n100_code\sblplatform\SblOpen\Platform\AlderlakeBoardPkg\AcpiTables\Rtct
/Ie:\code\adl_n100_code\sblplatform\SblOpen\Platform\AlderlakeBoardPkg\AcpiTables\Psd
/Ie:\code\adl_n100_code\sblplatform\SblOpen\Platform\CommonBoardPkg\AcpiTables\Dsdt
/Ie:\code\adl_n100_code\sblplatform\SblOpen\Platform\AlderlakeBoardPkg\AcpiTables\Fwst
/Ie:\code\adl_n100_code\sblplatform\SblOpen\Platform\AlderlakeBoardPkg\AcpiTables\Ecdt
/Ie:\code\adl_n100_code\sblplatform\SblOpen\Platform\AlderlakeBoardPkg\AcpiTables\BdatTable
/Ie:\code\adl_n100_code\sblplatform\SblOpen\Platform\CommonBoardPkg\AcpiTables\Tpm
/Ie:\code\adl_n100_code\sblplatform\SblOpen\Platform\CommonBoardPkg\AcpiTables\Fpdt
/Ie:\code\adl_n100_code\sblplatform\SblOpen\Platform\AlderlakeBoardPkg\AcpiTables\Mcfg
/Ie:\code\adl_n100_code\sblplatform\SblOpen\Platform\AlderlakeBoardPkg\AcpiTables\CpuSsdt
/Ie:\code\adl_n100_code\sblplatform\SblOpen\Platform\AlderlakeBoardPkg\AcpiTables\SaSsdt
/Ie:\code\adl_n100_code\sblplatform\SblOpen\Platform\AlderlakeBoardPkg\AcpiTables\Ssdt
/Ie:\code\adl_n100_code\sblplatform\SblOpen\Platform\AlderlakeBoardPkg\AcpiTables\Dsdt
/Ie:\code\adl_n100_code\sblplatform\SblOpen\Platform\AlderlakeBoardPkg\AcpiTables\Fadt
/Ie:\code\adl_n100_code\sblplatform\SblOpen\Platform\AlderlakeBoardPkg\AcpiTables\Hpet
/Ie:\code\adl_n100_code\sblplatform\SblOpen\Platform\AlderlakeBoardPkg\AcpiTables\Dmar
/Ie:\code\adl_n100_code\sblplatform\SblOpen\Platform\AlderlakeBoardPkg\AcpiTables\Madt
/Ie:\code\adl_n100_code\sblplatform\SblOpen\Platform\AlderlakeBoardPkg\AcpiTables\Facs
/Ie:\code\adl_n100_code\sblplatform\SblOpen\Platform\AlderlakeBoardPkg\AcpiTables
/Ie:\code\adl_n100_code\sblplatform\Build\BootloaderCorePkg\DEBUG_VS2019\IA32\Platform\AlderlakeBoardPkg\AcpiTables\AcpiTablesN\DEBUG
/Ie:\code\adl_n100_code\sblplatform\SblOpen\MdePkg
/Ie:\code\adl_n100_code\sblplatform\SblOpen\MdePkg\Include
/Ie:\code\adl_n100_code\sblplatform\SblOpen\MdePkg\Include\Ia32
/Ie:\code\adl_n100_code\sblplatform\SblOpen\BootloaderCorePkg
/Ie:\code\adl_n100_code\sblplatform\SblOpen\BootloaderCorePkg\Include
/Ie:\code\adl_n100_code\sblplatform\SblOpen\BootloaderCommonPkg
/Ie:\code\adl_n100_code\sblplatform\SblOpen\BootloaderCommonPkg\Include
/Ie:\code\adl_n100_code\sblplatform\SblOpen\Silicon\CommonSocPkg
/Ie:\code\adl_n100_code\sblplatform\SblOpen\Silicon\CommonSocPkg\Include
/Ie:\code\adl_n100_code\sblplatform\SblOpen\Silicon\AlderlakePkg
/Ie:\code\adl_n100_code\sblplatform\SblOpen\Silicon\AlderlakePkg\Include
/Ie:\code\adl_n100_code\sblplatform\SblOpen\Platform\AlderlakeBoardPkg
/Ie:\code\adl_n100_code\sblplatform\SblOpen\Platform\AlderlakeBoardPkg\Include
/Ie:\code\adl_n100_code\sblplatform\SblOpen\Silicon\AlderlakePkg\Adln\Include