e:/code/adl_n100_code/uefipldplatform/Build/AdlpPlatformPkgX64/DEBUG_VS2019/X64/IntelFsp2WrapperPkg/FspWrapperNotifyDxe/FspWrapperNotifyDxe/OUTPUT/FspWrapperNotifyDxe.lib
e:/code/adl_n100_code/uefipldplatform/Build/AdlpPlatformPkgX64/DEBUG_VS2019/X64/MdePkg/Library/BaseLib/BaseLib/OUTPUT/BaseLib.lib
e:/code/adl_n100_code/uefipldplatform/Build/AdlpPlatformPkgX64/DEBUG_VS2019/X64/MdePkg/Library/DxePcdLib/DxePcdLib/OUTPUT/DxePcdLib.lib
e:/code/adl_n100_code/uefipldplatform/Build/AdlpPlatformPkgX64/DEBUG_VS2019/X64/MdePkg/Library/BaseMemoryLibRepStr/BaseMemoryLibRepStr/OUTPUT/BaseMemoryLibRepStr.lib
e:/code/adl_n100_code/uefipldplatform/Build/AdlpPlatformPkgX64/DEBUG_VS2019/X64/MdePkg/Library/BaseIoLibIntrinsic/BaseIoLibIntrinsic/OUTPUT/BaseIoLibIntrinsic.lib
e:/code/adl_n100_code/uefipldplatform/Build/AdlpPlatformPkgX64/DEBUG_VS2019/X64/MdePkg/Library/BasePciExpressLib/BasePciExpressLib/OUTPUT/BasePciExpressLib.lib
e:/code/adl_n100_code/uefipldplatform/Build/AdlpPlatformPkgX64/DEBUG_VS2019/X64/MdePkg/Library/BasePciLibPciExpress/BasePciLibPciExpress/OUTPUT/BasePciLibPciExpress.lib
e:/code/adl_n100_code/uefipldplatform/Build/AdlpPlatformPkgX64/DEBUG_VS2019/X64/MdePkg/Library/BaseDebugPrintErrorLevelLib/BaseDebugPrintErrorLevelLib/OUTPUT/BaseDebugPrintErrorLevelLib.lib
e:/code/adl_n100_code/uefipldplatform/Build/AdlpPlatformPkgX64/DEBUG_VS2019/X64/MdeModulePkg/Library/BaseSerialPortLib16550/BaseSerialPortLib16550/OUTPUT/BaseSerialPortLib16550.lib
e:/code/adl_n100_code/uefipldplatform/Build/AdlpPlatformPkgX64/DEBUG_VS2019/X64/MdePkg/Library/BasePrintLib/BasePrintLib/OUTPUT/BasePrintLib.lib
e:/code/adl_n100_code/uefipldplatform/Build/AdlpPlatformPkgX64/DEBUG_VS2019/X64/MdePkg/Library/BaseDebugLibSerialPort/BaseDebugLibSerialPort/OUTPUT/BaseDebugLibSerialPort.lib
e:/code/adl_n100_code/uefipldplatform/Build/AdlpPlatformPkgX64/DEBUG_VS2019/X64/UefiPlatformPkg/Override/UefiPayloadPkg/Library/SblParseLib/SblParseLib/OUTPUT/SblParseLib.lib
e:/code/adl_n100_code/uefipldplatform/Build/AdlpPlatformPkgX64/DEBUG_VS2019/X64/UefiPayloadPkg/Library/PlatformHookLib/PlatformHookLib/OUTPUT/PlatformHookLib.lib
e:/code/adl_n100_code/uefipldplatform/Build/AdlpPlatformPkgX64/DEBUG_VS2019/X64/MdePkg/Library/UefiBootServicesTableLib/UefiBootServicesTableLib/OUTPUT/UefiBootServicesTableLib.lib
e:/code/adl_n100_code/uefipldplatform/Build/AdlpPlatformPkgX64/DEBUG_VS2019/X64/MdePkg/Library/UefiMemoryAllocationLib/UefiMemoryAllocationLib/OUTPUT/UefiMemoryAllocationLib.lib
e:/code/adl_n100_code/uefipldplatform/Build/AdlpPlatformPkgX64/DEBUG_VS2019/X64/MdePkg/Library/UefiRuntimeServicesTableLib/UefiRuntimeServicesTableLib/OUTPUT/UefiRuntimeServicesTableLib.lib
e:/code/adl_n100_code/uefipldplatform/Build/AdlpPlatformPkgX64/DEBUG_VS2019/X64/MdePkg/Library/UefiDevicePathLib/UefiDevicePathLib/OUTPUT/UefiDevicePathLib.lib
e:/code/adl_n100_code/uefipldplatform/Build/AdlpPlatformPkgX64/DEBUG_VS2019/X64/MdePkg/Library/UefiLib/UefiLib/OUTPUT/UefiLib.lib
e:/code/adl_n100_code/uefipldplatform/Build/AdlpPlatformPkgX64/DEBUG_VS2019/X64/MdePkg/Library/DxeHobLib/DxeHobLib/OUTPUT/DxeHobLib.lib
e:/code/adl_n100_code/uefipldplatform/Build/AdlpPlatformPkgX64/DEBUG_VS2019/X64/MdePkg/Library/BasePeCoffExtraActionLibNull/BasePeCoffExtraActionLibNull/OUTPUT/PeCoffExtraActionLibNull.lib
e:/code/adl_n100_code/uefipldplatform/Build/AdlpPlatformPkgX64/DEBUG_VS2019/X64/MdePkg/Library/UefiDriverEntryPoint/UefiDriverEntryPoint/OUTPUT/UefiDriverEntryPoint.lib
e:/code/adl_n100_code/uefipldplatform/Build/AdlpPlatformPkgX64/DEBUG_VS2019/X64/IntelFsp2WrapperPkg/Library/BaseFspWrapperApiLib/BaseFspWrapperApiLib/OUTPUT/BaseFspWrapperApiLib.lib
e:/code/adl_n100_code/uefipldplatform/Build/AdlpPlatformPkgX64/DEBUG_VS2019/X64/MdePkg/Library/BasePeCoffLib/BasePeCoffLib/OUTPUT/BasePeCoffLib.lib
e:/code/adl_n100_code/uefipldplatform/Build/AdlpPlatformPkgX64/DEBUG_VS2019/X64/MdePkg/Library/BaseCacheMaintenanceLib/BaseCacheMaintenanceLib/OUTPUT/BaseCacheMaintenanceLib.lib
e:/code/adl_n100_code/uefipldplatform/Build/AdlpPlatformPkgX64/DEBUG_VS2019/X64/MdePkg/Library/DxeServicesLib/DxeServicesLib/OUTPUT/DxeServicesLib.lib
e:/code/adl_n100_code/uefipldplatform/Build/AdlpPlatformPkgX64/DEBUG_VS2019/X64/MdePkg/Library/BasePerformanceLibNull/BasePerformanceLibNull/OUTPUT/BasePerformanceLibNull.lib
e:/code/adl_n100_code/uefipldplatform/Build/AdlpPlatformPkgX64/DEBUG_VS2019/X64/IntelFsp2WrapperPkg/Library/BaseFspWrapperPlatformLibSample/BaseFspWrapperPlatformLibSample/OUTPUT/BaseFspWrapperPlatformLibSample.lib