e:/code/adl_n100_code/sblplatform/Build/BootloaderCorePkg/DEBUG_VS2019/IA32/BootloaderCorePkg/Stage1A/Stage1A/OUTPUT/Stage1A.lib
e:/code/adl_n100_code/sblplatform/Build/BootloaderCorePkg/DEBUG_VS2019/IA32/MdePkg/Library/RegisterFilterLibNull/RegisterFilterLibNull/OUTPUT/FilterLibNull.lib
e:/code/adl_n100_code/sblplatform/Build/BootloaderCorePkg/DEBUG_VS2019/IA32/MdePkg/Library/BasePciExpressLib/BasePciExpressLib/OUTPUT/BasePciExpressLib.lib
e:/code/adl_n100_code/sblplatform/Build/BootloaderCorePkg/DEBUG_VS2019/IA32/Silicon/AlderlakePkg/Library/GpioSiLib/GpioSiLib/OUTPUT/GpioSiLib.lib
e:/code/adl_n100_code/sblplatform/Build/BootloaderCorePkg/DEBUG_VS2019/IA32/Silicon/CommonSocPkg/Library/PchPcrLib/PchPcrLib/OUTPUT/PchPcrLib.lib
e:/code/adl_n100_code/sblplatform/Build/BootloaderCorePkg/DEBUG_VS2019/IA32/Silicon/AlderlakePkg/Library/PchInfoLib/PchInfoLib/OUTPUT/PchInfoLib.lib
e:/code/adl_n100_code/sblplatform/Build/BootloaderCorePkg/DEBUG_VS2019/IA32/MdePkg/Library/BasePciLibPciExpress/BasePciLibPciExpress/OUTPUT/BasePciLibPciExpress.lib
e:/code/adl_n100_code/sblplatform/Build/BootloaderCorePkg/DEBUG_VS2019/IA32/Silicon/AlderlakePkg/Library/PlatformHookLib/PlatformHookLib/OUTPUT/PlatformHookLib.lib
e:/code/adl_n100_code/sblplatform/Build/BootloaderCorePkg/DEBUG_VS2019/IA32/BootloaderCommonPkg/Library/GraphicsLib/GraphicsLib/OUTPUT/GraphicsLib.lib
e:/code/adl_n100_code/sblplatform/Build/BootloaderCorePkg/DEBUG_VS2019/IA32/BootloaderCorePkg/Library/BootloaderCoreLib/BootloaderCoreLib/OUTPUT/BootloaderCoreLib.lib
e:/code/adl_n100_code/sblplatform/Build/BootloaderCorePkg/DEBUG_VS2019/IA32/BootloaderCorePkg/Library/DebugPrintErrorLevelLib/DebugPrintErrorLevelLib/OUTPUT/DebugPrintErrorLevelLib.lib
e:/code/adl_n100_code/sblplatform/Build/BootloaderCorePkg/DEBUG_VS2019/IA32/MdePkg/Library/BasePrintLib/BasePrintLib/OUTPUT/BasePrintLib.lib
e:/code/adl_n100_code/sblplatform/Build/BootloaderCorePkg/DEBUG_VS2019/IA32/BootloaderCommonPkg/Library/ConsoleOutLib/ConsoleOutLib/OUTPUT/ConsoleOutLib.lib
e:/code/adl_n100_code/sblplatform/Build/BootloaderCorePkg/DEBUG_VS2019/IA32/BootloaderCommonPkg/Library/DebugLogBufferLib/DebugLogBufferLib/OUTPUT/DebugLogBufferLib.lib
e:/code/adl_n100_code/sblplatform/Build/BootloaderCorePkg/DEBUG_VS2019/IA32/BootloaderCommonPkg/Library/DebugPortLib/DebugPortLibNull/OUTPUT/DebugPortLib.lib
e:/code/adl_n100_code/sblplatform/Build/BootloaderCorePkg/DEBUG_VS2019/IA32/BootloaderCommonPkg/Library/SerialPortLib/SerialPortLib/OUTPUT/SerialPortLib.lib
e:/code/adl_n100_code/sblplatform/Build/BootloaderCorePkg/DEBUG_VS2019/IA32/BootloaderCommonPkg/Library/HobLib/HobLib/OUTPUT/HobLib.lib
e:/code/adl_n100_code/sblplatform/Build/BootloaderCorePkg/DEBUG_VS2019/IA32/BootloaderCorePkg/Library/BootloaderLib/BootloaderLib/OUTPUT/BootloaderLib.lib
e:/code/adl_n100_code/sblplatform/Build/BootloaderCorePkg/DEBUG_VS2019/IA32/MdePkg/Library/BaseMemoryLibRepStr/BaseMemoryLibRepStr/OUTPUT/BaseMemoryLibRepStr.lib
e:/code/adl_n100_code/sblplatform/Build/BootloaderCorePkg/DEBUG_VS2019/IA32/BootloaderCommonPkg/Library/PcdLib/PcdLib/OUTPUT/PcdLib.lib
e:/code/adl_n100_code/sblplatform/Build/BootloaderCorePkg/DEBUG_VS2019/IA32/BootloaderCommonPkg/Library/BootloaderCommonLib/BootloaderCommonLib/OUTPUT/BootloaderCommonLib.lib
e:/code/adl_n100_code/sblplatform/Build/BootloaderCorePkg/DEBUG_VS2019/IA32/BootloaderCommonPkg/Library/BootloaderDebugLib/BootloaderDebugLib/OUTPUT/BaseFspDebugLibSerialPort.lib
e:/code/adl_n100_code/sblplatform/Build/BootloaderCorePkg/DEBUG_VS2019/IA32/BootloaderCorePkg/Library/MemoryAllocationLib/MemoryAllocationLib/OUTPUT/MemoryAllocationLib.lib
e:/code/adl_n100_code/sblplatform/Build/BootloaderCorePkg/DEBUG_VS2019/IA32/MdePkg/Library/BaseLib/BaseLib/OUTPUT/BaseLib.lib
e:/code/adl_n100_code/sblplatform/Build/BootloaderCorePkg/DEBUG_VS2019/IA32/MdePkg/Library/BaseIoLibIntrinsic/BaseIoLibIntrinsic/OUTPUT/BaseIoLibIntrinsic.lib
e:/code/adl_n100_code/sblplatform/Build/BootloaderCorePkg/DEBUG_VS2019/IA32/Silicon/CommonSocPkg/Library/PchSbiAccessLib/PchSbiAccessLib/OUTPUT/PchSbiAccessLib.lib
e:/code/adl_n100_code/sblplatform/Build/BootloaderCorePkg/DEBUG_VS2019/IA32/BootloaderCommonPkg/Library/AcpiTimerLib/AcpiTimerLib/OUTPUT/AcpiTimerLib.lib
e:/code/adl_n100_code/sblplatform/Build/BootloaderCorePkg/DEBUG_VS2019/IA32/Silicon/CommonSocPkg/Library/TcoTimerLib/TcoTimerLib/OUTPUT/TcoTimerLib.lib
e:/code/adl_n100_code/sblplatform/Build/BootloaderCorePkg/DEBUG_VS2019/IA32/BootloaderCommonPkg/Library/ConfigDataLib/ConfigDataLib/OUTPUT/ConfigDataLib.lib
e:/code/adl_n100_code/sblplatform/Build/BootloaderCorePkg/DEBUG_VS2019/IA32/Silicon/CommonSocPkg/Library/GpioLib/GpioLib/OUTPUT/GpioLib.lib
e:/code/adl_n100_code/sblplatform/Build/BootloaderCorePkg/DEBUG_VS2019/IA32/Platform/CommonBoardPkg/Library/LoaderLib/LoaderLib/OUTPUT/LoaderLib.lib
e:/code/adl_n100_code/sblplatform/Build/BootloaderCorePkg/DEBUG_VS2019/IA32/Silicon/AlderlakePkg/Library/Stage1ASocInitLib/Stage1ASocInitLib/OUTPUT/Stage1ASocInitLib.lib
e:/code/adl_n100_code/sblplatform/Build/BootloaderCorePkg/DEBUG_VS2019/IA32/BootloaderCommonPkg/Library/LzmaCustomDecompressLib/LzmaCustomDecompressLib/OUTPUT/LzmaDecompressLib.lib
e:/code/adl_n100_code/sblplatform/Build/BootloaderCorePkg/DEBUG_VS2019/IA32/BootloaderCommonPkg/Library/Lz4CompressLib/Lz4CompressLib/OUTPUT/Lz4CompressLib.lib
e:/code/adl_n100_code/sblplatform/Build/BootloaderCorePkg/DEBUG_VS2019/IA32/MdePkg/Library/BaseRngLib/BaseRngLib/OUTPUT/BaseRngLib.lib
e:/code/adl_n100_code/sblplatform/Build/BootloaderCorePkg/DEBUG_VS2019/IA32/BootloaderCommonPkg/Library/IppCryptoLib/IppCryptoLib/OUTPUT/IppCryptoLib.lib
e:/code/adl_n100_code/sblplatform/Build/BootloaderCorePkg/DEBUG_VS2019/IA32/BootloaderCommonPkg/Library/TimeStampLib/TimeStampLib/OUTPUT/TimeStampLib.lib
e:/code/adl_n100_code/sblplatform/Build/BootloaderCorePkg/DEBUG_VS2019/IA32/BootloaderCommonPkg/Library/DebugAgentLib/DebugAgentLibNull/OUTPUT/DebugAgentLibNull.lib
e:/code/adl_n100_code/sblplatform/Build/BootloaderCorePkg/DEBUG_VS2019/IA32/BootloaderCommonPkg/Library/BaseXApicX2ApicLib/BaseXApicX2ApicLib/OUTPUT/BaseXApicX2ApicLib.lib
e:/code/adl_n100_code/sblplatform/Build/BootloaderCorePkg/DEBUG_VS2019/IA32/BootloaderCommonPkg/Library/PagingLib/PagingLib/OUTPUT/PagingLib.lib
e:/code/adl_n100_code/sblplatform/Build/BootloaderCorePkg/DEBUG_VS2019/IA32/Platform/AlderlakeBoardPkg/Library/Stage1ABoardInitLib/Stage1ABoardInitLib/OUTPUT/Stage1ABoardInitLib.lib
e:/code/adl_n100_code/sblplatform/Build/BootloaderCorePkg/DEBUG_VS2019/IA32/BootloaderCommonPkg/Library/DecompressLib/DecompressLib/OUTPUT/DecompressLib.lib
e:/code/adl_n100_code/sblplatform/Build/BootloaderCorePkg/DEBUG_VS2019/IA32/BootloaderCommonPkg/Library/SecureBootLib/SecureBootLib/OUTPUT/SecureBootLib.lib
e:/code/adl_n100_code/sblplatform/Build/BootloaderCorePkg/DEBUG_VS2019/IA32/BootloaderCommonPkg/Library/LoaderPerformanceLib/LoaderPerformanceLib/OUTPUT/LoaderPerformanceLib.lib
e:/code/adl_n100_code/sblplatform/Build/BootloaderCorePkg/DEBUG_VS2019/IA32/BootloaderCommonPkg/Library/LitePeCoffLib/LitePeCoffLib/OUTPUT/LitePeCoffLib.lib
e:/code/adl_n100_code/sblplatform/Build/BootloaderCorePkg/DEBUG_VS2019/IA32/BootloaderCorePkg/Library/FspApiLib/FsptApiLib/OUTPUT/FsptApiLib.lib
e:/code/adl_n100_code/sblplatform/Build/BootloaderCorePkg/DEBUG_VS2019/IA32/BootloaderCorePkg/Library/CpuExceptionLib/CpuExceptionLib/OUTPUT/CpuExceptionLib.lib
e:/code/adl_n100_code/sblplatform/Build/BootloaderCorePkg/DEBUG_VS2019/IA32/BootloaderCommonPkg/Library/ExtraBaseLib/ExtraBaseLib/OUTPUT/ExtraBaseLib.lib
e:/code/adl_n100_code/sblplatform/Build/BootloaderCorePkg/DEBUG_VS2019/IA32/BootloaderCorePkg/Library/StageLib/StageLib/OUTPUT/StageLib.lib
e:/code/adl_n100_code/sblplatform/Build/BootloaderCorePkg/DEBUG_VS2019/IA32/Silicon/CommonSocPkg/Library/TopSwapLib/TopSwapLib/OUTPUT/TopSwapLib.lib